"Severity","ThreadID","Date","Time","Application","Message"
"ERROR","web-0","12/30/2010","15:13:05","","key [ID] doesn't exist in struct (keys:)"
"ERROR","web-0","12/31/2010","03:10:06","","key [ID] doesn't exist in struct (keys:)"
"ERROR","web-0","01/01/2011","09:50:20","","key [ID] doesn't exist in struct (keys:)"
"ERROR","web-0","01/02/2011","04:56:28","","key [ID] doesn't exist in struct (keys:)"
"ERROR","web-0","01/02/2011","19:03:37","","key [ID] doesn't exist in struct (keys:)"
"ERROR","web-0","01/04/2011","04:28:49","","key [ID] doesn't exist in struct (keys:)"
"ERROR","web-0","01/04/2011","04:29:48","","key [ID] doesn't exist in struct (keys:)"
"ERROR","web-0","01/04/2011","17:47:29","","key [ID] doesn't exist in struct (keys:)"
"ERROR","web-0","01/05/2011","18:51:48","","key [ID] doesn't exist in struct (keys:)"
"ERROR","web-0","01/06/2011","14:27:46","","key [ID] doesn't exist in struct (keys:)"
"ERROR","web-0","01/06/2011","18:58:33","","key [ID] doesn't exist in struct (keys:)"
"ERROR","web-0","01/07/2011","09:20:56","","key [ID] doesn't exist in struct (keys:)"
"ERROR","web-0","01/08/2011","14:14:20","","key [ID] doesn't exist in struct (keys:)"
"ERROR","web-0","01/08/2011","14:16:12","","key [ID] doesn't exist in struct (keys:)"
"ERROR","web-0","01/10/2011","07:30:07","","key [ID] doesn't exist in struct (keys:)"
"ERROR","web-0","01/10/2011","07:30:07","","key [ID] doesn't exist in struct (keys:)"
"ERROR","web-0","01/10/2011","11:57:24","","key [ID] doesn't exist in struct (keys:)"
"ERROR","web-0","01/10/2011","11:57:24","","key [ID] doesn't exist in struct (keys:)"
"ERROR","web-0","01/11/2011","01:49:18","","key [ID] doesn't exist in struct (keys:)"
"ERROR","web-0","01/12/2011","18:25:20","","key [ID] doesn't exist in struct (keys:)"
"ERROR","web-0","01/13/2011","05:23:19","","key [ID] doesn't exist in struct (keys:)"
"ERROR","web-0","01/15/2011","08:28:03","","key [ID] doesn't exist in struct (keys:)"
"ERROR","web-0","01/16/2011","06:50:53","","key [ID] doesn't exist in struct (keys:)"
"ERROR","web-0","01/16/2011","07:12:49","","key [ID] doesn't exist in struct (keys:)"
"ERROR","web-0","01/16/2011","08:15:16","","key [ID] doesn't exist in struct (keys:)"
"ERROR","web-0","01/16/2011","09:59:57","","key [ID] doesn't exist in struct (keys:)"
"ERROR","web-0","01/16/2011","10:15:20","","key [ID] doesn't exist in struct (keys:)"
"ERROR","web-0","01/16/2011","18:18:34","","key [ID] doesn't exist in struct (keys:)"
"ERROR","web-0","01/17/2011","02:43:01","","key [ID] doesn't exist in struct (keys:)"
"ERROR","web-0","01/18/2011","11:55:44","","key [ID] doesn't exist in struct (keys:)"
"ERROR","web-0","01/18/2011","11:55:47","","key [ID] doesn't exist in struct (keys:)"
"ERROR","web-0","01/18/2011","11:55:53","","key [ID] doesn't exist in struct (keys:)"
"ERROR","web-0","01/18/2011","11:56:45","","key [ID] doesn't exist in struct (keys:)"
"ERROR","web-0","01/18/2011","12:00:03","","key [ID] doesn't exist in struct (keys:)"
"ERROR","web-0","01/18/2011","12:00:06","","key [ID] doesn't exist in struct (keys:)"
"ERROR","web-0","01/18/2011","12:00:21","","key [ID] doesn't exist in struct (keys:)"
"ERROR","web-0","01/18/2011","12:00:22","","key [ID] doesn't exist in struct (keys:)"
"ERROR","web-0","01/18/2011","12:00:40","","key [ID] doesn't exist in struct (keys:)"
"ERROR","web-0","01/18/2011","12:00:41","","key [ID] doesn't exist in struct (keys:)"
"ERROR","web-0","01/18/2011","12:00:42","","key [ID] doesn't exist in struct (keys:)"
"ERROR","web-0","01/18/2011","12:00:42","","key [ID] doesn't exist in struct (keys:)"
"ERROR","web-0","01/18/2011","12:00:42","","key [ID] doesn't exist in struct (keys:)"
"ERROR","web-0","01/18/2011","12:01:05","","key [ID] doesn't exist in struct (keys:)"
"ERROR","web-0","01/23/2011","01:03:34","","key [ID] doesn't exist in struct (keys:)"
"ERROR","web-0","01/23/2011","12:48:07","","key [ID] doesn't exist in struct (keys:)"
"ERROR","web-0","01/24/2011","01:52:14","","key [ID] doesn't exist in struct (keys:)"
"ERROR","web-0","01/25/2011","01:52:16","","key [ID] doesn't exist in struct (keys:)"
"ERROR","web-0","01/25/2011","20:15:04","","key [ID] doesn't exist in struct (keys:)"
"ERROR","web-0","01/26/2011","17:19:43","","key [ID] doesn't exist in struct (keys:)"
"ERROR","web-0","01/27/2011","21:38:49","","key [ID] doesn't exist in struct (keys:)"
"ERROR","web-0","01/28/2011","10:42:16","","key [ID] doesn't exist in struct (keys:)"
"ERROR","web-0","01/28/2011","12:13:52","","key [ID] doesn't exist in struct (keys:)"
"ERROR","web-0","02/01/2011","08:55:35","","key [ID] doesn't exist in struct (keys:)"
"ERROR","web-0","02/01/2011","08:56:52","","key [ID] doesn't exist in struct (keys:)"
"ERROR","web-0","02/01/2011","09:56:53","","key [ID] doesn't exist in struct (keys:)"
"ERROR","web-0","02/01/2011","12:00:21","","key [ID] doesn't exist in struct (keys:)"
"ERROR","web-0","02/02/2011","03:37:35","","key [ID] doesn't exist in struct (keys:)"
"ERROR","web-0","02/03/2011","14:31:41","","key [ID] doesn't exist in struct (keys:)"
"ERROR","web-0","02/06/2011","13:17:30","","key [ID] doesn't exist in struct (keys:)"
"ERROR","web-0","02/06/2011","16:26:25","","key [ID] doesn't exist in struct (keys:)"
"ERROR","web-0","02/06/2011","16:29:03","","key [ID] doesn't exist in struct (keys:)"
"ERROR","web-0","02/07/2011","08:19:21","","key [ID] doesn't exist in struct (keys:)"
"ERROR","web-0","02/07/2011","19:04:42","","key [ID] doesn't exist in struct (keys:)"
"ERROR","web-0","02/07/2011","23:06:00","","key [ID] doesn't exist in struct (keys:)"
"ERROR","web-0","02/08/2011","00:26:53","","key [ID] doesn't exist in struct (keys:)"
"ERROR","web-0","02/11/2011","04:57:23","","key [ID] doesn't exist in struct (keys:)"
"ERROR","web-0","02/11/2011","06:52:35","","key [ID] doesn't exist in struct (keys:)"
"ERROR","web-0","02/11/2011","06:52:39","","key [ID] doesn't exist in struct (keys:)"
"ERROR","web-0","02/14/2011","10:26:03","","key [ID] doesn't exist in struct (keys:)"
"ERROR","web-0","02/16/2011","06:43:39","","key [ID] doesn't exist in struct (keys:)"
"ERROR","web-0","02/17/2011","16:46:48","","key [ID] doesn't exist in struct (keys:)"
"ERROR","web-0","02/18/2011","02:19:44","","key [ID] doesn't exist in struct (keys:)"
"ERROR","web-0","02/18/2011","08:48:27","","key [ID] doesn't exist in struct (keys:)"
"ERROR","web-0","02/19/2011","00:53:45","","key [ID] doesn't exist in struct (keys:)"
"ERROR","web-0","02/20/2011","21:47:35","","key [ID] doesn't exist in struct (keys:)"
"ERROR","web-0","02/21/2011","23:01:00","","key [ID] doesn't exist in struct (keys:)"
"ERROR","web-0","02/23/2011","13:46:23","","key [ID] doesn't exist in struct (keys:)"
"ERROR","web-0","02/24/2011","03:20:17","","key [ID] doesn't exist in struct (keys:)"
"ERROR","web-0","02/25/2011","21:24:50","","key [ID] doesn't exist in struct (keys:)"
"ERROR","web-0","02/27/2011","11:33:54","","key [ID] doesn't exist in struct (keys:)"
"ERROR","web-0","03/02/2011","00:30:32","","key [ID] doesn't exist in struct (keys:)"
"ERROR","web-0","03/02/2011","02:13:58","","key [ID] doesn't exist in struct (keys:)"
"ERROR","web-0","03/02/2011","05:52:22","","key [ID] doesn't exist in struct (keys:)"
"ERROR","web-0","03/02/2011","19:15:08","","key [ID] doesn't exist in struct (keys:)"
"ERROR","web-0","03/02/2011","19:23:57","","key [ID] doesn't exist in struct (keys:)"
"ERROR","web-0","03/03/2011","05:55:05","","key [ID] doesn't exist in struct (keys:)"
"ERROR","web-0","03/04/2011","01:38:34","","key [ID] doesn't exist in struct (keys:)"
"ERROR","web-0","03/04/2011","01:38:35","","key [ID] doesn't exist in struct (keys:)"
"ERROR","web-0","03/04/2011","14:43:01","","key [ID] doesn't exist in struct (keys:)"
"ERROR","web-0","03/05/2011","16:36:33","","key [ID] doesn't exist in struct (keys:)"
"ERROR","web-0","03/06/2011","00:54:04","","key [ID] doesn't exist in struct (keys:)"
"ERROR","web-0","03/07/2011","16:09:32","","key [ID] doesn't exist in struct (keys:)"
"ERROR","web-0","03/08/2011","07:08:33","","key [ID] doesn't exist in struct (keys:)"
"ERROR","web-0","03/08/2011","13:50:57","","key [ID] doesn't exist in struct (keys:)"
"ERROR","web-0","03/09/2011","04:09:47","","key [ID] doesn't exist in struct (keys:)"
"ERROR","web-0","03/09/2011","06:49:14","","key [ID] doesn't exist in struct (keys:)"
"ERROR","web-0","03/10/2011","01:18:08","","key [ID] doesn't exist in struct (keys:)"
"ERROR","web-0","03/10/2011","01:21:42","","key [ID] doesn't exist in struct (keys:)"
"ERROR","web-0","03/10/2011","02:10:04","","key [ID] doesn't exist in struct (keys:)"
"ERROR","web-0","03/11/2011","08:53:20","","key [ID] doesn't exist in struct (keys:)"
"ERROR","web-0","03/11/2011","08:54:08","","key [ID] doesn't exist in struct (keys:)"
"ERROR","web-0","03/12/2011","12:30:27","","key [ID] doesn't exist in struct (keys:)"
"ERROR","web-0","03/13/2011","11:41:54","","key [ID] doesn't exist in struct (keys:)"
"ERROR","web-0","03/13/2011","22:57:10","","key [ID] doesn't exist in struct (keys:)"
"ERROR","web-0","03/13/2011","22:59:58","","key [ID] doesn't exist in struct (keys:)"
"ERROR","web-0","03/15/2011","19:08:34","","key [ID] doesn't exist in struct (keys:)"
"ERROR","web-0","03/16/2011","04:39:29","","key [ID] doesn't exist in struct (keys:)"
"ERROR","web-0","03/19/2011","01:30:36","","key [ID] doesn't exist in struct (keys:)"
"ERROR","web-0","03/22/2011","06:13:29","","key [ID] doesn't exist in struct (keys:)"
"ERROR","web-0","03/22/2011","06:50:01","","key [ID] doesn't exist in struct (keys:)"
"ERROR","web-0","03/23/2011","19:26:55","","key [ID] doesn't exist in struct (keys:)"
"ERROR","web-0","03/23/2011","21:16:23","","key [ID] doesn't exist in struct (keys:)"
"ERROR","web-0","03/24/2011","00:05:05","","key [ID] doesn't exist in struct (keys:)"
"ERROR","web-0","03/24/2011","14:05:01","","key [ID] doesn't exist in struct (keys:)"
"ERROR","web-0","03/24/2011","16:22:09","","key [ID] doesn't exist in struct (keys:)"
"ERROR","web-0","03/25/2011","12:48:59","","key [ID] doesn't exist in struct (keys:)"
"ERROR","web-0","03/25/2011","14:32:33","","key [ID] doesn't exist in struct (keys:)"
"ERROR","web-0","03/26/2011","04:44:56","","key [ID] doesn't exist in struct (keys:)"
"ERROR","web-0","03/28/2011","09:29:09","","key [ID] doesn't exist in struct (keys:)"
"ERROR","web-0","03/28/2011","15:15:05","","key [ID] doesn't exist in struct (keys:)"
"ERROR","web-0","03/28/2011","15:46:52","","key [ID] doesn't exist in struct (keys:)"
"ERROR","web-0","03/28/2011","19:44:05","","key [ID] doesn't exist in struct (keys:)"
"ERROR","web-0","03/28/2011","22:27:30","","key [ID] doesn't exist in struct (keys:)"
"ERROR","web-0","03/28/2011","22:27:33","","key [ID] doesn't exist in struct (keys:)"
"ERROR","web-0","03/29/2011","23:43:13","","key [ID] doesn't exist in struct (keys:)"
"ERROR","web-0","04/01/2011","08:24:42","","key [ID] doesn't exist in struct (keys:)"
"ERROR","web-0","04/02/2011","08:59:07","","key [ID] doesn't exist in struct (keys:)"
"ERROR","web-0","04/04/2011","04:49:45","","key [ID] doesn't exist in struct (keys:)"
"ERROR","web-0","04/04/2011","16:36:13","","key [ID] doesn't exist in struct (keys:)"
"ERROR","web-0","04/05/2011","02:35:32","","key [ID] doesn't exist in struct (keys:)"
"ERROR","web-0","04/07/2011","12:10:55","","key [ID] doesn't exist in struct (keys:)"
"ERROR","web-0","04/07/2011","12:11:33","","key [ID] doesn't exist in struct (keys:)"
"ERROR","web-0","04/08/2011","00:24:56","","key [ID] doesn't exist in struct (keys:)"
"ERROR","web-0","04/09/2011","11:10:36","","key [ID] doesn't exist in struct (keys:)"
"ERROR","web-0","04/09/2011","22:56:50","","key [ID] doesn't exist in struct (keys:)"
"ERROR","web-0","04/11/2011","06:27:35","","key [ID] doesn't exist in struct (keys:)"
"ERROR","web-0","04/11/2011","06:29:04","","key [ID] doesn't exist in struct (keys:)"
"ERROR","web-0","04/11/2011","06:35:29","","key [ID] doesn't exist in struct (keys:)"
"ERROR","web-0","04/14/2011","02:44:03","","key [ID] doesn't exist in struct (keys:)"
"ERROR","web-0","04/14/2011","03:10:31","","key [ID] doesn't exist in struct (keys:)"
"ERROR","web-0","04/14/2011","13:09:07","","key [ID] doesn't exist in struct (keys:)"
"ERROR","web-0","04/14/2011","19:05:46","","key [ID] doesn't exist in struct (keys:)"
"ERROR","web-0","04/14/2011","23:55:49","","key [ID] doesn't exist in struct (keys:)"
"ERROR","web-0","04/15/2011","19:25:16","","key [ID] doesn't exist in struct (keys:)"
"ERROR","web-0","04/15/2011","20:39:40","","key [ID] doesn't exist in struct (keys:)"
"ERROR","web-0","04/15/2011","20:39:40","","key [ID] doesn't exist in struct (keys:)"
"ERROR","web-0","04/16/2011","10:29:28","","key [ID] doesn't exist in struct (keys:)"
"ERROR","web-0","04/16/2011","11:04:07","","key [ID] doesn't exist in struct (keys:)"
"ERROR","web-0","04/17/2011","19:11:02","","key [ID] doesn't exist in struct (keys:)"
"ERROR","web-0","04/21/2011","00:56:30","","key [ID] doesn't exist in struct (keys:)"
"ERROR","web-0","04/21/2011","02:06:58","","key [ID] doesn't exist in struct (keys:)"
"ERROR","web-0","04/22/2011","11:02:53","","key [ID] doesn't exist in struct (keys:)"
"ERROR","web-0","04/22/2011","11:03:05","","key [ID] doesn't exist in struct (keys:url)"
"ERROR","web-0","04/22/2011","11:03:12","","key [ID] doesn't exist in struct (keys:url)"
"ERROR","web-0","04/24/2011","06:32:13","","key [ID] doesn't exist in struct (keys:)"
"ERROR","web-0","04/25/2011","16:12:18","","key [DATASOURCE] doesn't exist in struct (keys:applicationname)"
"ERROR","web-0","04/25/2011","16:12:37","","key [DATASOURCE] doesn't exist in struct (keys:applicationname)"
"ERROR","web-0","04/25/2011","16:12:44","","key [DATASOURCE] doesn't exist in struct (keys:applicationname)"
"ERROR","web-0","04/25/2011","16:15:22","","key [DATASOURCE] doesn't exist in struct (keys:applicationname)"
"ERROR","web-0","04/25/2011","16:17:16","","key [DATASOURCE] doesn't exist in struct (keys:applicationname)"
"ERROR","web-0","04/25/2011","16:17:21","","key [DATASOURCE] doesn't exist in struct (keys:applicationname)"
"ERROR","web-0","04/25/2011","16:17:25","","key [DATASOURCE] doesn't exist in struct (keys:applicationname)"
"ERROR","web-0","04/25/2011","16:17:36","","key [DATASOURCE] doesn't exist in struct (keys:applicationname)"
"ERROR","web-0","04/25/2011","16:18:53","","key [DATASOURCE] doesn't exist in struct (keys:applicationname)"
"ERROR","web-0","04/25/2011","16:18:56","","key [DATASOURCE] doesn't exist in struct (keys:applicationname)"
"ERROR","web-0","04/25/2011","16:19:19","","key [DATASOURCE] doesn't exist in struct (keys:applicationname)"
"ERROR","web-0","04/25/2011","16:19:26","","key [DATASOURCE] doesn't exist in struct (keys:applicationname)"
"ERROR","web-0","04/25/2011","16:21:19","","key [DATASOURCE] doesn't exist in struct (keys:applicationname)"
"ERROR","web-0","04/25/2011","16:22:18","","key [DATASOURCE] doesn't exist in struct (keys:applicationname)"
"ERROR","web-0","04/25/2011","16:22:49","","key [DATASOURCE] doesn't exist in struct (keys:applicationname)"
"ERROR","web-0","04/25/2011","16:24:09","","key [DATASOURCE] doesn't exist in struct (keys:applicationname)"
"ERROR","web-0","04/25/2011","16:24:14","","key [DATASOURCE] doesn't exist in struct (keys:applicationname)"
"ERROR","web-0","04/25/2011","16:24:36","","key [DATASOURCE] doesn't exist in struct (keys:applicationname)"
"ERROR","web-0","04/25/2011","16:26:00","","Invalid Syntax Closing [#] not found"
"ERROR","web-0","04/25/2011","16:26:16","","Invalid Syntax Closing [#] not found"
"ERROR","web-0","04/25/2011","16:26:27","","invalid component definition, can't find com.DataMgr_MYSQL"
"ERROR","web-0","04/25/2011","16:49:21","","invalid component definition, can't find com.DataMgr_MYSQL"
"ERROR","web-0","04/25/2011","17:03:29","","Cannot find any provider supporting SHA-1"
"ERROR","web-0","04/25/2011","17:06:49","","Cannot find any provider supporting SHA1"
"ERROR","web-0","04/25/2011","17:06:55","","Cannot find any provider supporting SHA1"
"ERROR","web-0","04/25/2011","17:09:49","","Invalid AES key length: 9 bytes"
"ERROR","web-0","04/25/2011","17:23:08","","The parameter account_password to function createAccount is required but was not passed in."
"ERROR","web-0","04/25/2011","17:29:29","","variable [ENCRYPT_TYPE] doesn't exist"
"ERROR","web-0","04/25/2011","17:29:31","","variable [ENCRYPT_TYPE] doesn't exist"
"ERROR","web-0","05/11/2011","14:55:42","","Page /inc-header.cfm [E:\www\prodriver-online.com\inc-header.cfm] not found"
"ERROR","web-0","05/11/2011","14:55:46","","Page /inc-header.cfm [E:\www\prodriver-online.com\inc-header.cfm] not found"
"ERROR","web-0","05/11/2011","14:55:47","","Page /inc-header.cfm [E:\www\prodriver-online.com\inc-header.cfm] not found"
"ERROR","web-0","05/11/2011","14:55:54","","Page /inc-header.cfm [E:\www\prodriver-online.com\inc-header.cfm] not found"
"ERROR","web-0","05/11/2011","14:57:22","","Page /inc-header.cfm [E:\www\prodriver-online.com\inc-header.cfm] not found"
"ERROR","web-0","05/11/2011","14:58:16","","Page /inc-header.cfm [E:\www\prodriver-online.com\inc-header.cfm] not found"
"ERROR","web-0","05/11/2011","14:58:17","","Page /inc-header.cfm [E:\www\prodriver-online.com\inc-header.cfm] not found"
"ERROR","web-0","05/11/2011","14:58:23","","Page /inc-header.cfm [E:\www\prodriver-online.com\inc-header.cfm] not found"
"ERROR","web-0","05/12/2011","19:57:28","","Page /signup-company-1.cfm [E:\www\prodriver-online.com\signup-company-1.cfm] not found"
"ERROR","web-0","05/13/2011","13:50:33","","Page /signup-driver-3.cfm [E:\www\prodriver-online.com\signup-driver-3.cfm] not found"
"ERROR","web-0","05/20/2011","23:24:04","","You have an error in your SQL syntax; check the manual that corresponds to your MySQL server version for the right syntax to use near 'accounts''' at line 1"
"ERROR","web-0","05/21/2011","00:01:55","","accounts: A record with these criteria already exists."
"ERROR","web-0","05/21/2011","01:51:11","","accounts: A record with these criteria already exists."
"ERROR","web-0","05/21/2011","01:51:22","","accounts: A record with these criteria already exists."
"ERROR","web-0","05/22/2011","22:41:45","","tag [cfset] is not closed"
"ERROR","web-0","05/22/2011","22:42:12","","The data for 'account_profile_image' must be no more than 50 characters in length."
"ERROR","web-0","05/22/2011","22:42:57","","Page /signup-company-confirmation.cfm [E:\www\prodriver-online.com\signup-company-confirmation.cfm] not found"
"ERROR","web-0","05/22/2011","22:44:43","","key [STARTING_DIRECTORY] doesn't exist in struct (keys:DATASOURCE,DATAMANAGER,KEY,STARTINGDIRECTORY,applicationname)"
"ERROR","web-0","05/22/2011","22:45:18","","can't find Format of given image"
"ERROR","web-0","05/22/2011","22:46:14","","can't find Format of given image"
"ERROR","web-0","05/22/2011","22:46:26","","can't find Format of given image"
"ERROR","web-0","05/22/2011","22:48:05","","can't find Format of given image"
"ERROR","web-0","05/22/2011","22:51:29","","can't find Format of given image"
"ERROR","web-0","05/22/2011","22:54:11","","can't find Format of given image"
"ERROR","web-0","05/22/2011","22:57:23","","can't find Format of given image"
"ERROR","web-0","05/22/2011","22:57:36","","can't find Format of given image"
"ERROR","web-0","05/22/2011","23:00:58","","can't find Format of given image"
"ERROR","web-0","05/22/2011","23:02:37","","can't find Format of given image"
"ERROR","web-0","05/22/2011","23:03:47","","can't find Format of given image"
"ERROR","web-0","05/22/2011","23:04:57","","The system cannot find the path specified"
"ERROR","web-0","05/22/2011","23:07:02","","can't find Format of given image"
"ERROR","web-0","05/22/2011","23:08:15","","can't find Format of given image"
"ERROR","web-0","05/22/2011","23:09:15","","Page /signup-company-confirmation.cfm [E:\www\prodriver-online.com\signup-company-confirmation.cfm] not found"
"ERROR","web-0","05/24/2011","23:19:53","","Page /signup-company-confirmation.cfm [E:\www\prodriver-online.com\signup-company-confirmation.cfm] not found"
"ERROR","web-0","05/25/2011","00:55:00","","component [worker] has no remote function with name [signupDriverStep1]; accessible functions are [SIGNUPCOMPANYSTEP2,SIGNUPCOMPANYSTEP1,CHECKAUTHORIZATION]"
"ERROR","web-0","05/25/2011","01:02:37","","component [worker] has no remote function with name [signupDriverStep2]; accessible functions are [SIGNUPDRIVERSTEP1,SIGNUPCOMPANYSTEP2,SIGNUPCOMPANYSTEP1,CHECKAUTHORIZATION]"
"ERROR","web-0","05/25/2011","01:02:55","","form field [account_profile_image] doesn't exist or has no content"
"ERROR","web-0","05/25/2011","01:03:20","","form field [account_profile_image] doesn't exist or has no content"
"ERROR","web-0","05/25/2011","01:05:15","","form field [account_profile_image] doesn't exist or has no content"
"ERROR","web-0","05/25/2011","01:05:59","","form field [account_profile_image] doesn't exist or has no content"
"ERROR","web-0","05/25/2011","01:07:04","","form field [account_profile_image] doesn't exist or has no content"
"ERROR","web-0","05/25/2011","01:10:55","","can't overwrite existing image"
"ERROR","web-0","05/25/2011","01:12:26","","can't overwrite existing image"
"ERROR","web-0","05/25/2011","01:14:53","","can't overwrite existing image"
"ERROR","web-0","05/25/2011","01:29:59","","can't overwrite existing image"
"ERROR","web-0","05/25/2011","01:33:59","","can't overwrite existing image"
"ERROR","web-0","05/25/2011","01:52:11","","Page /signup-company-confirmation.cfm [E:\www\prodriver-online.com\signup-company-confirmation.cfm] not found"
"ERROR","web-0","05/25/2011","03:08:05","","Page /signup-driver-comfirmation.cfm [E:\www\prodriver-online.com\signup-driver-comfirmation.cfm] not found"
"ERROR","web-0","05/25/2011","03:11:22","","attribute destination has a invalid value [E:\filestore\12\12.driver_application.pdf], directory [E:\filestore\12] doesn't exist"
"ERROR","web-0","05/25/2011","03:12:33","","attribute destination has a invalid value [E:\filestore\12\12_driver_application.pdf], directory [E:\filestore\12] doesn't exist"
"ERROR","web-0","05/25/2011","03:17:30","","Page /signup-driver-comfirmation.cfm [E:\www\prodriver-online.com\signup-driver-comfirmation.cfm] not found"
"ERROR","web-0","05/25/2011","03:18:27","","Page /signup-driver-comfirmation.cfm [E:\www\prodriver-online.com\signup-driver-comfirmation.cfm] not found"
"ERROR","web-0","05/25/2011","03:37:54","","Page /signup-driver-comfirmation.cfm [E:\www\prodriver-online.com\signup-driver-comfirmation.cfm] not found"
"ERROR","web-0","05/25/2011","03:38:17","","Page /signup-driver-comfirmation.cfm [E:\www\prodriver-online.com\signup-driver-comfirmation.cfm] not found"
"ERROR","web-0","05/25/2011","03:38:43","","Page /signup-driver-comfirmation.cfm [E:\www\prodriver-online.com\signup-driver-comfirmation.cfm] not found"
"ERROR","web-0","05/25/2011","03:49:11","","Page /signup-company-confirmation.cfm [E:\www\prodriver-online.com\signup-company-confirmation.cfm] not found"
"ERROR","web-0","05/25/2011","04:08:04","","missing terminating [#] for expression"
"ERROR","web-0","05/25/2011","09:54:44","","You have an error in your SQL syntax; check the manual that corresponds to your MySQL server version for the right syntax to use near 'types.account_type_id WHERE NOT account_type_id = 3' at line 1"
"ERROR","web-0","05/25/2011","09:55:03","","You have an error in your SQL syntax; check the manual that corresponds to your MySQL server version for the right syntax to use near 'types.account_type_id WHERE NOT account_type_id = 3' at line 1"
"ERROR","web-0","05/25/2011","09:55:18","","You have an error in your SQL syntax; check the manual that corresponds to your MySQL server version for the right syntax to use near 'types.account_type_id WHERE NOT account_type_id = 3' at line 1"
"ERROR","web-0","05/25/2011","09:55:34","","Column 'account_type_id' in where clause is ambiguous"
"ERROR","web-0","05/25/2011","10:02:47","","missing terminating [#] for expression"
"ERROR","web-0","05/25/2011","10:03:28","","missing terminating [#] for expression"
"ERROR","web-0","05/25/2011","10:03:31","","missing terminating [#] for expression"
"ERROR","web-0","05/25/2011","10:04:31","","missing terminating [#] for expression"
"ERROR","web-0","05/25/2011","10:04:57","","variable [ACCOUNT_PHONE1] doesn't exist"
"ERROR","web-0","06/02/2011","15:14:34","","key [FILESTORE] doesn't exist in struct (keys:DATASOURCE,DATAMANAGER,FILESTORE_DIRECTORY,STARTING_DIRECTORY,KEY,STARTINGDIRECTORY,applicationname)"
"ERROR","web-0","06/02/2011","15:14:46","","key [FILESTORE] doesn't exist in struct (keys:DATASOURCE,DATAMANAGER,FILESTORE_DIRECTORY,STARTING_DIRECTORY,KEY,STARTINGDIRECTORY,applicationname)"
"ERROR","web-0","06/02/2011","23:31:06","","can't delete file E:\www\prodriver-online.com\documents\25"
"ERROR","web-0","06/02/2011","23:33:06","","can't delete file E:\www\prodriver-online.com\documents\25"
"ERROR","web-0","06/02/2011","23:34:05","","can't delete file E:\www\prodriver-online.com\documents\25"
"ERROR","web-0","06/02/2011","23:35:56","","can't delete file E:\www\prodriver-online.com\documents\25"
"ERROR","web-0","06/02/2011","23:36:52","","can't delete file E:\www\prodriver-online.com\documents\25"
"ERROR","web-0","06/03/2011","09:02:08","","can't delete file E:\www\prodriver-online.com\documents\25"
"ERROR","web-0","06/03/2011","09:08:08","","can't delete file E:\www\prodriver-online.com\documents\25"
"ERROR","web-0","06/03/2011","09:08:22","","can't delete file E:\www\prodriver-online.com\documents\25"
"ERROR","web-0","06/03/2011","09:36:01","","variable [SUSPENDACCOUNT_BTN] doesn't exist"
"ERROR","web-0","06/03/2011","14:10:00","","variable [DATA] doesn't exist"
"ERROR","web-0","06/04/2011","12:17:32","","key [ACCOUNT_STATUS] doesn't exist in struct (keys:cftoken,railo_admin_lastpage,cfid,railo_admin_lang)"
"ERROR","web-0","06/04/2011","13:10:14","","variable [ACCOUNTS_RS] doesn't exist"
"ERROR","web-0","06/06/2011","16:33:10","","key [ACCOUNT_STATUS] doesn't exist in struct (keys:)"
"ERROR","web-0","06/06/2011","16:33:29","","key [ACCOUNT_STATUS] doesn't exist in struct (keys:)"
"ERROR","web-0","06/06/2011","16:33:52","","key [ACCOUNT_STATUS] doesn't exist in struct (keys:)"
"ERROR","web-0","06/06/2011","16:34:46","","key [ACCOUNT_STATUS] doesn't exist in struct (keys:railo_admin_lang,railo_admin_lastpage,cftoken,cfid)"
"ERROR","web-0","06/07/2011","10:45:41","","Page /driver_cal.cfm [E:\www\prodriver-online.com\driver_cal.cfm] not found"
"ERROR","web-0","06/07/2011","10:45:42","","Page /driver_cal.cfm [E:\www\prodriver-online.com\driver_cal.cfm] not found"
"ERROR","web-0","06/07/2011","12:43:35","","Page /driver-cal.cfm [E:\www\prodriver-online.com\driver-cal.cfm] not found"
"ERROR","web-0","06/08/2011","08:21:56","","invalid call of the function saveCalendarChanges (E:\www\prodriver-online.com\worker.cfc), first Argument (account_id) is of invalid type, can't cast String [null] to a value of type [numeric]"
"ERROR","web-0","06/08/2011","08:22:35","","invalid call of the function saveCalendarChanges (E:\www\prodriver-online.com\worker.cfc), first Argument (account_id) is of invalid type, can't cast String [null] to a value of type [numeric]"
"ERROR","web-0","06/08/2011","08:22:50","","invalid call of the function saveCalendarChanges (E:\www\prodriver-online.com\worker.cfc), first Argument (account_id) is of invalid type, can't cast String [null] to a value of type [numeric]"
"ERROR","web-0","06/09/2011","16:37:31","","variable [TMP] doesn't exist"
"ERROR","web-0","06/09/2011","16:38:22","","variable [TMP] doesn't exist"
"ERROR","web-0","06/09/2011","21:30:47","","All Primary Key fields (account_id,calendar_date) must be used when deleting a record. (Passed = CALENDAR_DATE, Table=calendar)"
"ERROR","web-0","06/09/2011","22:08:52","","can't cast empty string to a number value"
"ERROR","web-0","06/09/2011","22:09:29","","can't cast empty string to a number value"
"ERROR","web-0","06/09/2011","22:10:46","","tag [cfset] is not closed"
"ERROR","web-0","06/09/2011","23:37:36","","invalid call of the function loadCalendarData (E:\www\prodriver-online.com\worker.cfc), first Argument (account_id) is of invalid type, can't cast String [null] to a value of type [numeric]"
"ERROR","web-0","06/09/2011","23:37:41","","invalid call of the function loadCalendarData (E:\www\prodriver-online.com\worker.cfc), first Argument (account_id) is of invalid type, can't cast String [null] to a value of type [numeric]"
"ERROR","web-0","06/09/2011","23:38:01","","invalid call of the function loadCalendarData (E:\www\prodriver-online.com\worker.cfc), first Argument (account_id) is of invalid type, can't cast String [null] to a value of type [numeric]"
"ERROR","web-0","06/09/2011","23:38:12","","invalid call of the function loadCalendarData (E:\www\prodriver-online.com\worker.cfc), first Argument (account_id) is of invalid type, can't cast String [null] to a value of type [numeric]"
"ERROR","web-0","06/10/2011","02:27:11","","invalid call of the function saveCalendarChanges (E:\www\prodriver-online.com\worker.cfc), first Argument (account_id) is of invalid type, can't cast String [null] to a value of type [numeric]"
"ERROR","web-0","06/10/2011","02:27:49","","invalid call of the function saveCalendarChanges (E:\www\prodriver-online.com\worker.cfc), first Argument (account_id) is of invalid type, can't cast String [null] to a value of type [numeric]"
"ERROR","web-0","06/10/2011","02:29:04","","invalid call of the function saveCalendarChanges (E:\www\prodriver-online.com\worker.cfc), first Argument (account_id) is of invalid type, can't cast String [null] to a value of type [numeric]"
"ERROR","web-0","06/10/2011","02:29:08","","invalid call of the function saveCalendarChanges (E:\www\prodriver-online.com\worker.cfc), first Argument (account_id) is of invalid type, can't cast String [null] to a value of type [numeric]"
"ERROR","web-0","06/10/2011","02:29:41","","invalid call of the function saveCalendarChanges (E:\www\prodriver-online.com\worker.cfc), first Argument (account_id) is of invalid type, can't cast String [null] to a value of type [numeric]"
"ERROR","web-0","06/10/2011","11:29:09","","invalid call of the function saveCalendarChanges (E:\www\prodriver-online.com\worker.cfc), first Argument (account_id) is of invalid type, can't cast String [null] to a value of type [numeric]"
"ERROR","web-0","06/10/2011","11:29:15","","invalid call of the function saveCalendarChanges (E:\www\prodriver-online.com\worker.cfc), first Argument (account_id) is of invalid type, can't cast String [null] to a value of type [numeric]"
"ERROR","web-0","06/10/2011","11:29:47","","invalid call of the function saveCalendarChanges (E:\www\prodriver-online.com\worker.cfc), first Argument (account_id) is of invalid type, can't cast String [null] to a value of type [numeric]"
"ERROR","web-0","06/10/2011","11:29:50","","invalid call of the function loadCalendarData (E:\www\prodriver-online.com\worker.cfc), first Argument (account_id) is of invalid type, can't cast String [null] to a value of type [numeric]"
"ERROR","web-0","06/10/2011","11:29:55","","invalid call of the function loadCalendarData (E:\www\prodriver-online.com\worker.cfc), first Argument (account_id) is of invalid type, can't cast String [null] to a value of type [numeric]"
"ERROR","web-0","06/10/2011","11:31:00","","invalid call of the function loadCalendarData (E:\www\prodriver-online.com\worker.cfc), first Argument (account_id) is of invalid type, can't cast String [null] to a value of type [numeric]"
"ERROR","web-0","06/10/2011","11:31:08","","invalid call of the function loadCalendarData (E:\www\prodriver-online.com\worker.cfc), first Argument (account_id) is of invalid type, can't cast String [null] to a value of type [numeric]"
"ERROR","web-0","06/12/2011","20:24:04","","variable [NAME] doesn't exist"
"ERROR","web-0","06/12/2011","20:25:09","","variable [RS_GETREPORTS] doesn't exist"
"ERROR","web-0","06/12/2011","20:25:47","","variable [RS_GETREPORTS] doesn't exist"
"ERROR","web-0","06/13/2011","01:10:09","","key [ACCOUNT_TYPE] doesn't exist in struct (keys:)"
"ERROR","web-0","06/13/2011","01:57:29","","variable [data] doesn't exist"
"ERROR","web-0","06/13/2011","20:06:58","","variable [SUBJECT] doesn't exist"
"ERROR","web-0","06/13/2011","20:08:55","","variable [DATE] doesn't exist"
"ERROR","web-0","06/13/2011","20:08:58","","variable [DATE] doesn't exist"
"ERROR","web-0","06/13/2011","23:57:50","","Cannot convert value '0000-00-00 00:00:00' from column 7 to TIMESTAMP."
"ERROR","web-0","06/14/2011","11:13:48","","Page /email-message.cfm [E:\www\prodriver-online.com\email-message.cfm] not found"
"ERROR","web-0","06/14/2011","12:02:49","","key [ACCOUNT_ID] doesn't exist in struct (keys:)"
"ERROR","web-0","06/15/2011","08:53:52","","Unknown column 'message.message_id' in 'on clause'"
"ERROR","web-0","06/15/2011","09:09:44","","You have an error in your SQL syntax; check the manual that corresponds to your MySQL server version for the right syntax to use near 'accounts
  ON (messages.message_from_id = accounts.account_id) OR (messages.mes' at line 3"
"ERROR","web-0","06/15/2011","09:36:43","","Table 'prodriveronlinecom.account' doesn't exist"
"ERROR","web-0","06/15/2011","09:36:56","","Unknown column 'sender.id' in 'field list'"
"ERROR","web-0","06/15/2011","09:37:42","","Unknown column 'messages.sender_id' in 'on clause'"
"ERROR","web-0","06/15/2011","09:37:44","","Unknown column 'messages.sender_id' in 'on clause'"
"ERROR","web-0","06/15/2011","09:39:18","","Unknown column 'messages.account_id' in 'on clause'"
"ERROR","web-0","06/15/2011","09:39:20","","Unknown column 'messages.account_id' in 'on clause'"
"ERROR","web-0","06/15/2011","09:43:20","","You have an error in your SQL syntax; check the manual that corresponds to your MySQL server version for the right syntax to use near '.first_name, receiver.account_id as receiver, messages.*
  FROM messages as mes' at line 1"
"ERROR","web-0","06/15/2011","12:43:32","","You have an error in your SQL syntax; check the manual that corresponds to your MySQL server version for the right syntax to use near 'WHERE messages.message_parent_id = 1
  ORDER BY messages.message_date ASC' at line 10"
"ERROR","web-0","06/15/2011","12:43:51","","You have an error in your SQL syntax; check the manual that corresponds to your MySQL server version for the right syntax to use near 'WHERE messages.message_parent_id = 1
  ORDER BY messages.message_date, ASC' at line 10"
"ERROR","web-0","06/15/2011","12:44:10","","You have an error in your SQL syntax; check the manual that corresponds to your MySQL server version for the right syntax to use near 'WHERE messages.message_parent_id = 1
  ORDER BY messages.message_date ASC' at line 10"
"ERROR","web-0","06/15/2011","12:47:02","","variable [MESSAGES_RS] doesn't exist"
"ERROR","web-0","06/15/2011","16:34:20","","missing terminating [#] for expression"
"ERROR","web-0","06/16/2011","00:13:00","","key [ACCOUNT_TYPE] doesn't exist in struct (keys:cftoken,cfid)"
"ERROR","web-0","06/16/2011","00:13:21","","Page /my-email-.cfm [E:\www\prodriver-online.com\my-email-.cfm] not found"
"ERROR","web-0","06/16/2011","00:13:22","","Page /my-email-in.cfm [E:\www\prodriver-online.com\my-email-in.cfm] not found"
"ERROR","web-0","06/16/2011","14:15:27","","You have an error in your SQL syntax; check the manual that corresponds to your MySQL server version for the right syntax to use near ')' at line 4"
"ERROR","web-0","06/16/2011","14:39:15","","variable [DATA] doesn't exist"
"ERROR","web-0","06/17/2011","11:36:55","","key [ACCOUNT_ID] doesn't exist in struct (keys:railo_admin_lastpage,cftoken,railo_admin_lang,cfid)"
"ERROR","web-0","06/17/2011","11:37:26","","key [ACCOUNT_TYPE] doesn't exist in struct (keys:railo_admin_lastpage,cftoken,railo_admin_lang,cfid)"
"ERROR","web-0","06/17/2011","11:38:32","","key [ACCOUNT_ID] doesn't exist in struct (keys:railo_admin_lastpage,cftoken,railo_admin_lang,cfid)"
"ERROR","web-0","06/17/2011","11:38:38","","key [ACCOUNT_ID] doesn't exist in struct (keys:railo_admin_lastpage,cftoken,railo_admin_lang,cfid)"
"ERROR","web-0","06/17/2011","11:39:12","","key [ACCOUNT_TYPE] doesn't exist in struct (keys:railo_admin_lastpage,cftoken,railo_admin_lang,cfid)"
"ERROR","web-0","06/17/2011","13:38:15","","key [USER] doesn't exist in struct (keys:urltoken,CFTOKEN,ACCOUNT,sessionid,CFID)"
"ERROR","web-0","06/17/2011","13:38:30","","key [USER] doesn't exist in struct (keys:urltoken,CFTOKEN,ACCOUNT,sessionid,CFID)"
"ERROR","web-0","06/17/2011","13:38:33","","key [USER] doesn't exist in struct (keys:urltoken,CFTOKEN,ACCOUNT,sessionid,CFID)"
"ERROR","web-0","06/17/2011","17:26:14","","key [USER] doesn't exist in struct (keys:CFTOKEN,ACCOUNT,CFID)"
"ERROR","web-0","06/17/2011","17:26:36","","key [USER] doesn't exist in struct (keys:urltoken,CFTOKEN,ACCOUNT,sessionid,CFID)"
"ERROR","web-0","06/17/2011","17:26:40","","key [USER] doesn't exist in struct (keys:urltoken,CFTOKEN,ACCOUNT,sessionid,CFID)"
"ERROR","web-0","06/17/2011","17:26:49","","key [USER] doesn't exist in struct (keys:urltoken,CFTOKEN,ACCOUNT,sessionid,CFID)"
"ERROR","web-0","06/17/2011","17:26:51","","key [USER] doesn't exist in struct (keys:urltoken,CFTOKEN,ACCOUNT,sessionid,CFID)"
"ERROR","web-0","06/17/2011","17:27:01","","key [USER] doesn't exist in struct (keys:urltoken,CFTOKEN,ACCOUNT,sessionid,CFID)"
"ERROR","web-0","06/17/2011","17:30:01","","key [ACCOUNT_TYPE] doesn't exist in struct (keys:railo_admin_lastpage,cftoken,railo_admin_lang,cfid)"
"ERROR","web-0","06/17/2011","17:34:34","","key [ACCOUNT_TYPE] doesn't exist in struct (keys:railo_admin_lastpage,cftoken,railo_admin_lang,cfid)"
"ERROR","web-0","06/17/2011","17:34:36","","key [ACCOUNT_TYPE] doesn't exist in struct (keys:railo_admin_lastpage,cftoken,railo_admin_lang,cfid)"
"ERROR","web-0","06/17/2011","17:34:58","","key [ACCOUNT_TYPE] doesn't exist in struct (keys:railo_admin_lastpage,cftoken,railo_admin_lang,cfid)"
"ERROR","web-0","06/17/2011","23:46:26","","key [ACCOUNT_TYPE] doesn't exist in struct (keys:railo_admin_lastpage,cftoken,railo_admin_lang,cfid)"
"ERROR","web-0","06/18/2011","04:16:47","","Page /search.cfm [E:\www\prodriver-online.com\search.cfm] not found"
"ERROR","web-0","06/18/2011","04:17:41","","Page /driver-search.cfm [E:\www\prodriver-online.com\driver-search.cfm] not found"
"ERROR","web-0","06/18/2011","04:17:44","","Page /driver-search.cfm [E:\www\prodriver-online.com\driver-search.cfm] not found"
"ERROR","web-0","06/18/2011","04:18:05","","Page /driver-search.cfm [E:\www\prodriver-online.com\driver-search.cfm] not found"
"ERROR","web-0","06/18/2011","04:18:07","","Page /driver-search.cfm [E:\www\prodriver-online.com\driver-search.cfm] not found"
"ERROR","web-0","06/18/2011","04:18:08","","Page /driver-search.cfm [E:\www\prodriver-online.com\driver-search.cfm] not found"
"ERROR","web-0","06/18/2011","04:18:09","","Page /driver-search.cfm [E:\www\prodriver-online.com\driver-search.cfm] not found"
"ERROR","web-0","06/18/2011","04:18:10","","Page /driver-search.cfm [E:\www\prodriver-online.com\driver-search.cfm] not found"
"ERROR","web-0","06/18/2011","04:18:12","","Page /driver-search.cfm [E:\www\prodriver-online.com\driver-search.cfm] not found"
"ERROR","web-0","06/18/2011","04:18:13","","Page /driver-search.cfm [E:\www\prodriver-online.com\driver-search.cfm] not found"
"ERROR","web-0","06/18/2011","04:18:13","","Page /driver-search.cfm [E:\www\prodriver-online.com\driver-search.cfm] not found"
"ERROR","web-0","06/18/2011","04:18:14","","Page /driver-search.cfm [E:\www\prodriver-online.com\driver-search.cfm] not found"
"ERROR","web-0","06/18/2011","04:18:16","","Page /driver-search.cfm [E:\www\prodriver-online.com\driver-search.cfm] not found"
"ERROR","web-0","06/18/2011","04:18:17","","Page /driver-search.cfm [E:\www\prodriver-online.com\driver-search.cfm] not found"
"ERROR","web-0","06/18/2011","04:18:18","","Page /driver-search.cfm [E:\www\prodriver-online.com\driver-search.cfm] not found"
"ERROR","web-0","06/18/2011","04:18:43","","Page /search.cfm [E:\www\prodriver-online.com\search.cfm] not found"
"ERROR","web-0","06/18/2011","04:19:00","","Page /driver-search.cfm [E:\www\prodriver-online.com\driver-search.cfm] not found"
"ERROR","web-0","06/18/2011","04:21:00","","Page /s.cfm [E:\www\prodriver-online.com\s.cfm] not found"
"ERROR","web-0","06/18/2011","04:21:01","","Page /sea.cfm [E:\www\prodriver-online.com\sea.cfm] not found"
"ERROR","web-0","06/18/2011","04:21:01","","Page /sear.cfm [E:\www\prodriver-online.com\sear.cfm] not found"
"ERROR","web-0","06/18/2011","04:21:01","","Page /search.cfm [E:\www\prodriver-online.com\search.cfm] not found"
"ERROR","web-0","06/18/2011","04:21:03","","Page /driver.cfm [E:\www\prodriver-online.com\driver.cfm] not found"
"ERROR","web-0","06/18/2011","04:21:04","","Page /driver-s.cfm [E:\www\prodriver-online.com\driver-s.cfm] not found"
"ERROR","web-0","06/18/2011","04:21:04","","Page /driver-se.cfm [E:\www\prodriver-online.com\driver-se.cfm] not found"
"ERROR","web-0","06/18/2011","04:21:05","","Page /driver-sea.cfm [E:\www\prodriver-online.com\driver-sea.cfm] not found"
"ERROR","web-0","06/18/2011","04:21:05","","Page /driver-sear.cfm [E:\www\prodriver-online.com\driver-sear.cfm] not found"
"ERROR","web-0","06/18/2011","04:21:05","","Page /driver-search.cfm [E:\www\prodriver-online.com\driver-search.cfm] not found"
"ERROR","web-0","06/18/2011","04:21:09","","Page /driver-search.cfm [E:\www\prodriver-online.com\driver-search.cfm] not found"
"ERROR","web-0","06/18/2011","04:29:25","","You have an error in your SQL syntax; check the manual that corresponds to your MySQL server version for the right syntax to use near ')' at line 4"
"ERROR","web-0","06/18/2011","04:29:46","","You have an error in your SQL syntax; check the manual that corresponds to your MySQL server version for the right syntax to use near ')' at line 4"
"ERROR","web-0","06/18/2011","04:29:52","","You have an error in your SQL syntax; check the manual that corresponds to your MySQL server version for the right syntax to use near ')' at line 4"
"ERROR","web-0","06/18/2011","04:30:03","","You have an error in your SQL syntax; check the manual that corresponds to your MySQL server version for the right syntax to use near ')' at line 4"
"ERROR","web-0","06/18/2011","10:55:02","","You have an error in your SQL syntax; check the manual that corresponds to your MySQL server version for the right syntax to use near '' at line 2"
"ERROR","web-0","06/18/2011","10:55:30","","You have an error in your SQL syntax; check the manual that corresponds to your MySQL server version for the right syntax to use near '' at line 3"
"ERROR","web-0","06/18/2011","11:02:44","","key [ACCOUNT_FIRST_NAME] doesn't exist in struct (keys:accountState,fieldnames,accountName,startDate,WADbSearch1,canadian,method,passport,endDate,professions)"
"ERROR","web-0","06/18/2011","11:03:20","","You have an error in your SQL syntax; check the manual that corresponds to your MySQL server version for the right syntax to use near '' at line 4"
"ERROR","web-0","06/18/2011","11:03:35","","Unknown column 'account_last_namee' in 'where clause'"
"ERROR","web-0","06/18/2011","17:44:31","","Table 'prodriveronlinecom.professions' doesn't exist"
"ERROR","web-0","06/18/2011","18:05:56","","Table 'prodriveronlinecom.professionz' doesn't exist"
"ERROR","web-0","06/18/2011","19:41:49","","Invalid Syntax Closing [)] for function [VALUELIST] not found"
"ERROR","web-0","06/18/2011","19:43:33","","You have an error in your SQL syntax; check the manual that corresponds to your MySQL server version for the right syntax to use near 'IN (14,27)' at line 3"
"ERROR","web-0","06/18/2011","19:44:23","","You have an error in your SQL syntax; check the manual that corresponds to your MySQL server version for the right syntax to use near ')' at line 4"
"ERROR","web-0","06/18/2011","19:44:39","","You have an error in your SQL syntax; check the manual that corresponds to your MySQL server version for the right syntax to use near ')' at line 4"
"ERROR","web-0","06/18/2011","19:53:21","","variable [SEARCH_RS2] doesn't exist"
"ERROR","web-0","06/20/2011","16:43:16","","key [ACCOUNT] doesn't exist in struct (keys:urltoken,cftoken,sessionid,cfid)"
"ERROR","web-0","06/20/2011","16:43:30","","key [ACCOUNT] doesn't exist in struct (keys:urltoken,cftoken,sessionid,cfid)"
"ERROR","web-0","06/20/2011","16:43:31","","key [ACCOUNT] doesn't exist in struct (keys:urltoken,cftoken,sessionid,cfid)"
"ERROR","web-0","06/20/2011","16:43:32","","key [ACCOUNT] doesn't exist in struct (keys:urltoken,cftoken,sessionid,cfid)"
"ERROR","web-0","06/20/2011","16:45:29","","key [ACCOUNT] doesn't exist in struct (keys:urltoken,cftoken,sessionid,cfid)"
"ERROR","web-0","06/20/2011","16:45:31","","key [ACCOUNT] doesn't exist in struct (keys:urltoken,cftoken,sessionid,cfid)"
"ERROR","web-0","06/20/2011","16:45:38","","key [ACCOUNT] doesn't exist in struct (keys:urltoken,cftoken,sessionid,cfid)"
"ERROR","web-0","06/20/2011","16:55:38","","key [ACCOUNT] doesn't exist in struct (keys:urltoken,cftoken,sessionid,cfid)"
"ERROR","web-0","06/20/2011","16:55:55","","key [ACCOUNT] doesn't exist in struct (keys:urltoken,cftoken,sessionid,cfid)"
"ERROR","web-0","06/20/2011","16:55:56","","key [ACCOUNT] doesn't exist in struct (keys:urltoken,cftoken,sessionid,cfid)"
"ERROR","web-0","06/20/2011","16:55:58","","key [ACCOUNT] doesn't exist in struct (keys:urltoken,cftoken,sessionid,cfid)"
"ERROR","web-0","06/20/2011","16:58:14","","key [ACCOUNT] doesn't exist in struct (keys:urltoken,cftoken,sessionid,cfid)"
"ERROR","web-0","06/20/2011","20:07:28","","variable [ACCOUNT_CANADIAN] doesn't exist"
"ERROR","web-0","06/20/2011","20:17:41","","missing terminating [#] for expression"
"ERROR","web-0","06/20/2011","22:24:55","","key [START] doesn't exist in struct (keys:accountState,accountLastName,startDate,canadian,accountFirstName,passport,endDate,professions)"
"ERROR","web-0","06/20/2011","22:25:35","","variable [DATA] doesn't exist"
"ERROR","web-0","06/20/2011","22:26:09","","variable [DATA] doesn't exist"
"ERROR","web-0","06/20/2011","22:26:12","","variable [DATA] doesn't exist"
"ERROR","web-0","06/21/2011","00:01:51","","missing terminating [#] for expression"
"ERROR","web-0","06/21/2011","00:13:13","","datasource [application.datasource] doesn't exist"
"ERROR","web-0","06/21/2011","00:17:37","","missing terminating [#] for expression"
"ERROR","web-0","06/21/2011","00:19:23","","Nesting of tags cfoutput with attribut query is not allowed"
"ERROR","web-0","06/21/2011","05:13:11","","No value specified for parameter 1"
"ERROR","web-0","06/21/2011","05:13:14","","No value specified for parameter 1"
"ERROR","web-0","06/21/2011","05:13:15","","No value specified for parameter 1"
"ERROR","web-0","06/21/2011","05:13:19","","No value specified for parameter 1"
"ERROR","web-0","06/21/2011","05:13:38","","No value specified for parameter 1"
"ERROR","web-0","06/21/2011","05:19:05","","column [ACCOUNT_ID] not found in query, columns are [sender_first_name,sender_last_name,receiver_first_name,receiver_last_name,message_id,message_parent_id,message_to_id,message_from_id,message_subject,message_body,message_date,message_read,message_sender_delete,message_recipient_delete]"
"ERROR","web-0","06/21/2011","10:56:01","","variable [MESSAGES] doesn't exist"
"ERROR","web-0","06/21/2011","10:56:05","","variable [MESSAGES] doesn't exist"
"ERROR","web-0","06/21/2011","10:56:09","","variable [MESSAGES] doesn't exist"
"ERROR","web-0","06/22/2011","02:18:09","","column [ACCOUNT_PHONE1] not found in query, columns are [account_id,account_type_id,account_email,account_password,account_company_name,account_first_name,account_last_name,account_address1,account_address2,account_city,account_state,account_zip,account_phone,account_phone2,account_bio,account_bio_flag,account_company_logo,account_profile_image,account_business_id,account_status,account_last_updated,account_payment_current,account_current_employer,account_marital_status,account_passport,account_dob,account_smoker,account_canada_requirements,account_driver_application,account_medical_long_form,account_copy_of_license,account_i9,account_fair_credit_disclosure,account_creation_date]"
"ERROR","web-0","06/22/2011","15:19:28","","You must pass in at least one field that can be inserted into the database. Fields: account_passport,account_canada_requirements,account_ssn,account_address1,account_fair_credit_disclosure,account_i9,account_zip,account_state,account_medical_long_form,account_smoker,account_city,account_address2,account_current_city,account_criminal_background,account_profile_image,account_driver_application,account_bio,account_employer,account_copy_of_license,account_dob,fieldnames,account_professions,account_marital_status,account_phone,account_mvr,method,account_preferred_airport,account_dot_medical,account_w2"
"ERROR","web-0","06/22/2011","16:15:27","","Page /edit-profile-loo..cfm [E:\www\prodriver-online.com\edit-profile-loo..cfm] not found"
"ERROR","web-0","06/22/2011","16:35:39","","Page /edit_profile-loo.cfm [E:\www\prodriver-online.com\edit_profile-loo.cfm] not found"
"ERROR","web-0","06/22/2011","16:35:48","","Page /edit_profile_loo.cfm [E:\www\prodriver-online.com\edit_profile_loo.cfm] not found"
"ERROR","web-0","06/22/2011","17:13:27","","Syntax Error, Invalid Construct"
"ERROR","web-0","06/22/2011","17:13:36","","Syntax Error, Invalid Construct"
"ERROR","web-0","06/22/2011","17:13:45","","Syntax Error, Invalid Construct"
"ERROR","web-0","06/22/2011","17:13:54","","Syntax Error, Invalid Construct"
"ERROR","web-0","06/22/2011","17:14:13","","Syntax Error, Invalid Construct"
"ERROR","web-0","06/22/2011","17:14:22","","Syntax Error, Invalid Construct"
"ERROR","web-0","06/22/2011","17:27:48","","This table does not have any updateable fields."
"ERROR","web-0","06/22/2011","17:29:22","","This table does not have any updateable fields."
"ERROR","web-0","06/22/2011","17:30:46","","This table does not have any updateable fields."
"ERROR","web-0","06/22/2011","17:32:32","","This table does not have any updateable fields."
"ERROR","web-0","06/22/2011","22:59:56","","form field [account_canada_requirements] doesn't exist or has no content"
"ERROR","web-0","06/22/2011","23:01:58","","No record exists for update criteria (`account_id`=0)."
"ERROR","web-0","06/22/2011","23:12:42","","Page /edit-profile.cfm [E:\www\prodriver-online.com\edit-profile.cfm] not found"
"ERROR","web-0","06/23/2011","17:15:45","","Page /worker.cfm [E:\www\prodriver-online.com\worker.cfm] not found"
"ERROR","web-0","06/23/2011","17:15:51","","Page /worker.cfm [E:\www\prodriver-online.com\worker.cfm] not found"
"ERROR","web-0","06/23/2011","17:16:24","","Page /worker.cfm [E:\www\prodriver-online.com\worker.cfm] not found"
"ERROR","web-0","06/23/2011","17:17:10","","Page /worker.cfm [E:\www\prodriver-online.com\worker.cfm] not found"
"ERROR","web-0","06/23/2011","17:18:05","","Page /worker.cfm [E:\www\prodriver-online.com\worker.cfm] not found"
"ERROR","web-0","06/23/2011","17:26:29","","Query was empty"
"ERROR","web-0","06/26/2011","21:03:14","","key [TYPE] doesn't exist in struct (keys:ID,DATECREATED)"
"ERROR","web-0","06/27/2011","03:45:07","","The parameter accountEmail to function checkAuthorization is required but was not passed in."
"ERROR","web-0","06/27/2011","03:45:10","","The parameter accountEmail to function checkAuthorization is required but was not passed in."
"ERROR","web-0","06/27/2011","03:45:26","","datasource [prodriveronlinecom2] doesn't exist"
"ERROR","web-0","06/27/2011","03:45:38","","datasource [prodriveronlinecom2] doesn't exist"
"ERROR","web-0","06/27/2011","03:48:03","","Unknown column 'account_id' in 'where clause'"
"ERROR","web-0","06/27/2011","03:48:45","","Table 'prodriveronlinecom2.profession_types' doesn't exist"
"ERROR","web-0","06/27/2011","03:49:08","","Unknown column 'comment_for' in 'where clause'"
"ERROR","web-0","06/27/2011","03:49:27","","Unknown column 'comment_rating' in 'field list'"
"ERROR","web-0","06/27/2011","03:49:57","","Unknown column 'comment_for' in 'where clause'"
"ERROR","web-0","06/27/2011","03:50:10","","column [ACCOUNT_PREFERRED_AIRPORT] not found in query, columns are [accountID,accountTypeID,accountEmail,accountPassword,accountCompanyName,accountFirstName,accountLastName,accountAddress1,accountAddress2,accountCity,accountState,accountZip,accountPhone,accountPhone2,accountBio,accountBioFlag,accountCurrentCity,accountPreferredAirport,accountCompanyLogo,accountProfileImage,accountBusinessID,accountStatus,accountLastUpdated,accountPaymentCurrent,accountCurrentEmployer,accountMaritalStatus,accountPassport,accountDOB,accountSmoker,accountCanadaRequirements,accountDriverApplication,accountMedicalLongForm,accountCopyOfLicense,accountI9,accountFairCreditDisclosure,accountMVR,accountSSN,accountBackgroundCheck,accountDOTMedical,accountW2,accountCreationDate]"
"ERROR","web-0","06/27/2011","03:50:10","","column [ACCOUNT_PREFERRED_AIRPORT] not found in query, columns are [accountID,accountTypeID,accountEmail,accountPassword,accountCompanyName,accountFirstName,accountLastName,accountAddress1,accountAddress2,accountCity,accountState,accountZip,accountPhone,accountPhone2,accountBio,accountBioFlag,accountCurrentCity,accountPreferredAirport,accountCompanyLogo,accountProfileImage,accountBusinessID,accountStatus,accountLastUpdated,accountPaymentCurrent,accountCurrentEmployer,accountMaritalStatus,accountPassport,accountDOB,accountSmoker,accountCanadaRequirements,accountDriverApplication,accountMedicalLongForm,accountCopyOfLicense,accountI9,accountFairCreditDisclosure,accountMVR,accountSSN,accountBackgroundCheck,accountDOTMedical,accountW2,accountCreationDate]"
"ERROR","web-0","06/27/2011","03:50:46","","column [ACCOUNT_PREFERRED_AIRPORT] not found in query, columns are [accountID,accountTypeID,accountEmail,accountPassword,accountCompanyName,accountFirstName,accountLastName,accountAddress1,accountAddress2,accountCity,accountState,accountZip,accountPhone,accountPhone2,accountBio,accountBioFlag,accountCurrentCity,accountPreferredAirport,accountCompanyLogo,accountProfileImage,accountBusinessID,accountStatus,accountLastUpdated,accountPaymentCurrent,accountCurrentEmployer,accountMaritalStatus,accountPassport,accountDOB,accountSmoker,accountCanadaRequirements,accountDriverApplication,accountMedicalLongForm,accountCopyOfLicense,accountI9,accountFairCreditDisclosure,accountMVR,accountSSN,accountBackgroundCheck,accountDOTMedical,accountW2,accountCreationDate]"
"ERROR","web-0","06/27/2011","03:50:46","","column [ACCOUNT_PREFERRED_AIRPORT] not found in query, columns are [accountID,accountTypeID,accountEmail,accountPassword,accountCompanyName,accountFirstName,accountLastName,accountAddress1,accountAddress2,accountCity,accountState,accountZip,accountPhone,accountPhone2,accountBio,accountBioFlag,accountCurrentCity,accountPreferredAirport,accountCompanyLogo,accountProfileImage,accountBusinessID,accountStatus,accountLastUpdated,accountPaymentCurrent,accountCurrentEmployer,accountMaritalStatus,accountPassport,accountDOB,accountSmoker,accountCanadaRequirements,accountDriverApplication,accountMedicalLongForm,accountCopyOfLicense,accountI9,accountFairCreditDisclosure,accountMVR,accountSSN,accountBackgroundCheck,accountDOTMedical,accountW2,accountCreationDate]"
"ERROR","web-0","06/27/2011","03:50:51","","column [ACCOUNT_PREFERRED_AIRPORT] not found in query, columns are [accountID,accountTypeID,accountEmail,accountPassword,accountCompanyName,accountFirstName,accountLastName,accountAddress1,accountAddress2,accountCity,accountState,accountZip,accountPhone,accountPhone2,accountBio,accountBioFlag,accountCurrentCity,accountPreferredAirport,accountCompanyLogo,accountProfileImage,accountBusinessID,accountStatus,accountLastUpdated,accountPaymentCurrent,accountCurrentEmployer,accountMaritalStatus,accountPassport,accountDOB,accountSmoker,accountCanadaRequirements,accountDriverApplication,accountMedicalLongForm,accountCopyOfLicense,accountI9,accountFairCreditDisclosure,accountMVR,accountSSN,accountBackgroundCheck,accountDOTMedical,accountW2,accountCreationDate]"
"ERROR","web-0","06/27/2011","03:50:51","","column [ACCOUNT_PREFERRED_AIRPORT] not found in query, columns are [accountID,accountTypeID,accountEmail,accountPassword,accountCompanyName,accountFirstName,accountLastName,accountAddress1,accountAddress2,accountCity,accountState,accountZip,accountPhone,accountPhone2,accountBio,accountBioFlag,accountCurrentCity,accountPreferredAirport,accountCompanyLogo,accountProfileImage,accountBusinessID,accountStatus,accountLastUpdated,accountPaymentCurrent,accountCurrentEmployer,accountMaritalStatus,accountPassport,accountDOB,accountSmoker,accountCanadaRequirements,accountDriverApplication,accountMedicalLongForm,accountCopyOfLicense,accountI9,accountFairCreditDisclosure,accountMVR,accountSSN,accountBackgroundCheck,accountDOTMedical,accountW2,accountCreationDate]"
"ERROR","web-0","06/27/2011","03:51:16","","column [ACCOUNT_CURRENT_CITY] not found in query, columns are [accountID,accountTypeID,accountEmail,accountPassword,accountCompanyName,accountFirstName,accountLastName,accountAddress1,accountAddress2,accountCity,accountState,accountZip,accountPhone,accountPhone2,accountBio,accountBioFlag,accountCurrentCity,accountPreferredAirport,accountCompanyLogo,accountProfileImage,accountBusinessID,accountStatus,accountLastUpdated,accountPaymentCurrent,accountCurrentEmployer,accountMaritalStatus,accountPassport,accountDOB,accountSmoker,accountCanadaRequirements,accountDriverApplication,accountMedicalLongForm,accountCopyOfLicense,accountI9,accountFairCreditDisclosure,accountMVR,accountSSN,accountBackgroundCheck,accountDOTMedical,accountW2,accountCreationDate]"
"ERROR","web-0","06/27/2011","03:51:16","","column [ACCOUNT_CURRENT_CITY] not found in query, columns are [accountID,accountTypeID,accountEmail,accountPassword,accountCompanyName,accountFirstName,accountLastName,accountAddress1,accountAddress2,accountCity,accountState,accountZip,accountPhone,accountPhone2,accountBio,accountBioFlag,accountCurrentCity,accountPreferredAirport,accountCompanyLogo,accountProfileImage,accountBusinessID,accountStatus,accountLastUpdated,accountPaymentCurrent,accountCurrentEmployer,accountMaritalStatus,accountPassport,accountDOB,accountSmoker,accountCanadaRequirements,accountDriverApplication,accountMedicalLongForm,accountCopyOfLicense,accountI9,accountFairCreditDisclosure,accountMVR,accountSSN,accountBackgroundCheck,accountDOTMedical,accountW2,accountCreationDate]"
"ERROR","web-0","06/27/2011","03:51:40","","column [ACCOUNT_BIO] not found in query, columns are [accountID,accountTypeID,accountEmail,accountPassword,accountCompanyName,accountFirstName,accountLastName,accountAddress1,accountAddress2,accountCity,accountState,accountZip,accountPhone,accountPhone2,accountBio,accountBioFlag,accountCurrentCity,accountPreferredAirport,accountCompanyLogo,accountProfileImage,accountBusinessID,accountStatus,accountLastUpdated,accountPaymentCurrent,accountCurrentEmployer,accountMaritalStatus,accountPassport,accountDOB,accountSmoker,accountCanadaRequirements,accountDriverApplication,accountMedicalLongForm,accountCopyOfLicense,accountI9,accountFairCreditDisclosure,accountMVR,accountSSN,accountBackgroundCheck,accountDOTMedical,accountW2,accountCreationDate]"
"ERROR","web-0","06/27/2011","03:51:40","","column [ACCOUNT_BIO] not found in query, columns are [accountID,accountTypeID,accountEmail,accountPassword,accountCompanyName,accountFirstName,accountLastName,accountAddress1,accountAddress2,accountCity,accountState,accountZip,accountPhone,accountPhone2,accountBio,accountBioFlag,accountCurrentCity,accountPreferredAirport,accountCompanyLogo,accountProfileImage,accountBusinessID,accountStatus,accountLastUpdated,accountPaymentCurrent,accountCurrentEmployer,accountMaritalStatus,accountPassport,accountDOB,accountSmoker,accountCanadaRequirements,accountDriverApplication,accountMedicalLongForm,accountCopyOfLicense,accountI9,accountFairCreditDisclosure,accountMVR,accountSSN,accountBackgroundCheck,accountDOTMedical,accountW2,accountCreationDate]"
"ERROR","web-0","06/27/2011","03:53:30","","Unknown column 'sender.account_first_name' in 'field list'"
"ERROR","web-0","06/27/2011","03:54:07","","column [MESSAGE_READ] not found in query, columns are [senderFirstName,senderLastName,receiverFirstName,receiverLastName,messageID,messageParentID,messageToID,messageFromID,messageSubject,messageBody,messageDate,messageRead,messageSenderDelete,messageRecipientDelete]"
"ERROR","web-0","06/27/2011","03:55:23","","column [MESSAGE_READ] not found in query, columns are [senderFirstName,senderLastName,receiverFirstName,receiverLastName,messageID,messageParentID,messageToID,messageFromID,messageSubject,messageBody,messageDate,messageRead,messageSenderDelete,messageRecipientDelete]"
"ERROR","web-0","06/27/2011","03:56:08","","column [MESSAGE_BODY] not found in query, columns are [senderFirstName,senderLastName,receiverFirstName,receiverLastName,messageID,messageParentID,messageToID,messageFromID,messageSubject,messageBody,messageDate,messageRead,messageSenderDelete,messageRecipientDelete]"
"ERROR","web-0","06/27/2011","03:57:06","","Unknown column 'account_id' in 'where clause'"
"ERROR","web-0","06/27/2011","03:57:44","","Unknown column 'profession_types.professionTitle' in 'field list'"
"ERROR","web-0","06/27/2011","03:57:59","","Unknown column 'profession_types.professionTitle' in 'field list'"
"ERROR","web-0","06/27/2011","03:58:17","","column [ACCOUNT_CURRENT_EMPLOYER] not found in query, columns are [accountID,accountTypeID,accountEmail,accountPassword,accountCompanyName,accountFirstName,accountLastName,accountAddress1,accountAddress2,accountCity,accountState,accountZip,accountPhone,accountPhone2,accountBio,accountBioFlag,accountCurrentCity,accountPreferredAirport,accountCompanyLogo,accountProfileImage,accountBusinessID,accountStatus,accountLastUpdated,accountPaymentCurrent,accountCurrentEmployer,accountMaritalStatus,accountPassport,accountDOB,accountSmoker,accountCanadaRequirements,accountDriverApplication,accountMedicalLongForm,accountCopyOfLicense,accountI9,accountFairCreditDisclosure,accountMVR,accountSSN,accountBackgroundCheck,accountDOTMedical,accountW2,accountCreationDate]"
"ERROR","web-0","06/27/2011","03:58:54","","column [ACCOUNT_MARITAL_STATUS] not found in query, columns are [accountID,accountTypeID,accountEmail,accountPassword,accountCompanyName,accountFirstName,accountLastName,accountAddress1,accountAddress2,accountCity,accountState,accountZip,accountPhone,accountPhone2,accountBio,accountBioFlag,accountCurrentCity,accountPreferredAirport,accountCompanyLogo,accountProfileImage,accountBusinessID,accountStatus,accountLastUpdated,accountPaymentCurrent,accountCurrentEmployer,accountMaritalStatus,accountPassport,accountDOB,accountSmoker,accountCanadaRequirements,accountDriverApplication,accountMedicalLongForm,accountCopyOfLicense,accountI9,accountFairCreditDisclosure,accountMVR,accountSSN,accountBackgroundCheck,accountDOTMedical,accountW2,accountCreationDate]"
"ERROR","web-0","06/27/2011","03:59:35","","column [ACCOUNT_DOB] not found in query, columns are [accountID,accountTypeID,accountEmail,accountPassword,accountCompanyName,accountFirstName,accountLastName,accountAddress1,accountAddress2,accountCity,accountState,accountZip,accountPhone,accountPhone2,accountBio,accountBioFlag,accountCurrentCity,accountPreferredAirport,accountCompanyLogo,accountProfileImage,accountBusinessID,accountStatus,accountLastUpdated,accountPaymentCurrent,accountCurrentEmployer,accountMaritalStatus,accountPassport,accountDOB,accountSmoker,accountCanadaRequirements,accountDriverApplication,accountMedicalLongForm,accountCopyOfLicense,accountI9,accountFairCreditDisclosure,accountMVR,accountSSN,accountBackgroundCheck,accountDOTMedical,accountW2,accountCreationDate]"
"ERROR","web-0","06/27/2011","04:00:32","","column [ACCOUNT_SMOKER] not found in query, columns are [accountID,accountTypeID,accountEmail,accountPassword,accountCompanyName,accountFirstName,accountLastName,accountAddress1,accountAddress2,accountCity,accountState,accountZip,accountPhone,accountPhone2,accountBio,accountBioFlag,accountCurrentCity,accountPreferredAirport,accountCompanyLogo,accountProfileImage,accountBusinessID,accountStatus,accountLastUpdated,accountPaymentCurrent,accountCurrentEmployer,accountMaritalStatus,accountPassport,accountDOB,accountSmoker,accountCanadaRequirements,accountDriverApplication,accountMedicalLongForm,accountCopyOfLicense,accountI9,accountFairCreditDisclosure,accountMVR,accountSSN,accountBackgroundCheck,accountDOTMedical,accountW2,accountCreationDate]"
"ERROR","web-0","06/27/2011","04:00:56","","column [ACCOUNT_BIO_FLAG] not found in query, columns are [accountID,accountTypeID,accountEmail,accountPassword,accountCompanyName,accountFirstName,accountLastName,accountAddress1,accountAddress2,accountCity,accountState,accountZip,accountPhone,accountPhone2,accountBio,accountBioFlag,accountCurrentCity,accountPreferredAirport,accountCompanyLogo,accountProfileImage,accountBusinessID,accountStatus,accountLastUpdated,accountPaymentCurrent,accountCurrentEmployer,accountMaritalStatus,accountPassport,accountDOB,accountSmoker,accountCanadaRequirements,accountDriverApplication,accountMedicalLongForm,accountCopyOfLicense,accountI9,accountFairCreditDisclosure,accountMVR,accountSSN,accountBackgroundCheck,accountDOTMedical,accountW2,accountCreationDate]"
"ERROR","web-0","06/27/2011","04:01:36","","column [ACCOUNT_BIO_FLAG] not found in query, columns are [accountID,accountTypeID,accountEmail,accountPassword,accountCompanyName,accountFirstName,accountLastName,accountAddress1,accountAddress2,accountCity,accountState,accountZip,accountPhone,accountPhone2,accountBio,accountBioFlag,accountCurrentCity,accountPreferredAirport,accountCompanyLogo,accountProfileImage,accountBusinessID,accountStatus,accountLastUpdated,accountPaymentCurrent,accountCurrentEmployer,accountMaritalStatus,accountPassport,accountDOB,accountSmoker,accountCanadaRequirements,accountDriverApplication,accountMedicalLongForm,accountCopyOfLicense,accountI9,accountFairCreditDisclosure,accountMVR,accountSSN,accountBackgroundCheck,accountDOTMedical,accountW2,accountCreationDate]"
"ERROR","web-0","06/27/2011","04:01:38","","column [ACCOUNT_BIO_FLAG] not found in query, columns are [accountID,accountTypeID,accountEmail,accountPassword,accountCompanyName,accountFirstName,accountLastName,accountAddress1,accountAddress2,accountCity,accountState,accountZip,accountPhone,accountPhone2,accountBio,accountBioFlag,accountCurrentCity,accountPreferredAirport,accountCompanyLogo,accountProfileImage,accountBusinessID,accountStatus,accountLastUpdated,accountPaymentCurrent,accountCurrentEmployer,accountMaritalStatus,accountPassport,accountDOB,accountSmoker,accountCanadaRequirements,accountDriverApplication,accountMedicalLongForm,accountCopyOfLicense,accountI9,accountFairCreditDisclosure,accountMVR,accountSSN,accountBackgroundCheck,accountDOTMedical,accountW2,accountCreationDate]"
"ERROR","web-0","06/27/2011","09:46:22","","Unknown column 'profession_types.professionTitle' in 'field list'"
"ERROR","web-0","06/27/2011","09:46:57","","Unknown column 'profession_types.professionTitle' in 'field list'"
"ERROR","web-0","06/27/2011","09:46:59","","Unknown column 'profession_types.professionTitle' in 'field list'"
"ERROR","web-0","06/27/2011","12:15:30","","component [worker] has no remote function with name [checkEmailDuplicate]; accessible functions are [SAVECALENDARCHANGES,SIGNUPCOMPANYSTEP2,SENDMESSAGE,SIGNUPCOMPANYSTEP1,SEARCHDRIVERACCOUNTS,CHECKAUTHORIZATION,SIGNUPDRIVERSTEP2,SIGNUPDRIVERSTEP3,SAVEEDITPROFILE,LOADCALENDARDATA,DELETEALLDOCUMENTS,SIGNUPDRIVERSTEP1,SAVECOMMENT,APPROVEACCOUNT,REPLYMESSAGE]"
"ERROR","web-0","06/27/2011","12:23:21","","The parameter accountEmail to function checkEmailDuplicate is required but was not passed in."
"ERROR","web-0","06/27/2011","12:32:12","","datasource [APPLICATION.datasource] doesn't exist"
"ERROR","web-0","06/27/2011","13:31:17","","datasource [prodriveronlinecom] doesn't exist"
"ERROR","web-0","06/27/2011","13:31:43","","datasource [prodriveronlinecom] doesn't exist"
"ERROR","web-0","06/27/2011","13:33:44","","datasource [prodriveronlinecom] doesn't exist"
"ERROR","web-0","06/27/2011","13:35:50","","datasource [prodriveronlinecom] doesn't exist"
"ERROR","web-0","06/27/2011","16:57:20","","No record exists for update criteria (`accountID`=0)."
"ERROR","web-0","06/27/2011","17:06:58","","key [ACCOUNTPROFESSIONS] doesn't exist in struct (keys:accountBioFlag,accountState,accountCurrentCity,accountW2,accountEmployer,accountPhone,accountMaritalStatus,accountI9,accountProfileImage,accountAddress1,accountAddress2,accountFairCreditDisclosure,accountMVR,accountCanadaRequirements,accountMedicalLongForm,accountDOTMedical,accountCity,accountSSN,accountSmoker,fieldnames,accountZip,accountDriverApplication,accountPassport,method,account_preferred_airport,accountBio,accountBackgroundCheck,accountCopyOfLicense,accountDOB)"
"ERROR","web-0","06/27/2011","17:08:06","","key [ACCOUNTPROFESSIONS] doesn't exist in struct (keys:accountBioFlag,accountState,accountCurrentCity,accountW2,accountEmployer,accountPhone,accountMaritalStatus,accountI9,accountProfileImage,accountAddress1,accountAddress2,accountFairCreditDisclosure,accountMVR,accountCanadaRequirements,accountMedicalLongForm,accountDOTMedical,accountCity,accountSSN,accountSmoker,fieldnames,accountZip,accountDriverApplication,accountPassport,method,account_preferred_airport,accountBio,accountBackgroundCheck,accountCopyOfLicense,accountDOB)"
"ERROR","web-0","06/28/2011","02:25:05","","Page /co-edit-loo..cfm [E:\www\prodriver-online.com\co-edit-loo..cfm] not found"
"ERROR","web-0","06/28/2011","02:25:11","","Page /co-edit-loo.cfm [E:\www\prodriver-online.com\co-edit-loo.cfm] not found"
"ERROR","web-0","06/28/2011","02:25:22","","Unknown column 'profession_types.professionTitle' in 'field list'"
"ERROR","web-0","06/28/2011","02:34:40","","missing terminating [#] for expression"
"ERROR","web-0","06/28/2011","03:22:48","","Can't cast String [] to a boolean"
"ERROR","web-0","06/28/2011","03:22:49","","Can't cast String [] to a boolean"
"ERROR","web-0","06/28/2011","08:39:24","","Unknown column 'comments.commentPostDate' in 'order clause'"
"ERROR","web-0","06/28/2011","08:41:24","","column [COMMENTCOMPANYNAME] not found in query, columns are [commentID,commentLeftBy,commentFor,commentBody,commentRating,commentPostedDate,accountCompanyName]"
"ERROR","web-0","06/28/2011","08:41:24","","column [COMMENTCOMPANYNAME] not found in query, columns are [commentID,commentLeftBy,commentFor,commentBody,commentRating,commentPostedDate,accountCompanyName]"
"ERROR","web-0","06/28/2011","10:49:11","","key [TYPE] doesn't exist in struct (keys:ID,DATECREATED)"
"ERROR","web-0","06/28/2011","12:28:57","","Page /privacy.cfm [E:\www\prodriver-online.com\privacy.cfm] not found"
"ERROR","web-0","06/28/2011","12:55:20","","No value specified for parameter 1"
"ERROR","web-0","06/28/2011","12:56:58","","Page /terms.cfm [E:\www\prodriver-online.com\terms.cfm] not found"
"ERROR","web-0","06/28/2011","12:58:06","","Page /terms.cfm [E:\www\prodriver-online.com\terms.cfm] not found"
"ERROR","web-0","06/28/2011","13:01:18","","form field [accountProfileImage] doesn't exist or has no content"
"ERROR","web-0","06/28/2011","13:01:23","","form field [accountProfileImage] doesn't exist or has no content"
"ERROR","web-0","06/28/2011","13:03:45","","form field [accountProfileImage] doesn't exist or has no content"
"ERROR","web-0","06/28/2011","13:07:09","","form field [accountProfileImage] doesn't exist or has no content"
"ERROR","web-0","07/01/2011","12:21:53","","java.security.PrivilegedActionException"
"ERROR","web-0","07/08/2011","10:24:54","","key [ACCOUNTPROFESSIONS] doesn't exist in struct (keys:fieldnames,method)"
"ERROR","web-0","07/08/2011","10:27:24","","key [ACCOUNTPROFESSIONS] doesn't exist in struct (keys:fieldnames,method)"
"ERROR","web-0","07/08/2011","10:53:23","","No value specified for parameter 1"
"ERROR","web-0","07/13/2011","12:07:30","","No value specified for parameter 1"
"ERROR","web-0","07/19/2011","11:56:48","","No record exists for update criteria (`accountID`=0)."
"ERROR","web-0","07/19/2011","14:31:32","","key [ACCOUNTPROFESSIONS] doesn't exist in struct (keys:fieldnames,method)"
"ERROR","web-0","07/19/2011","14:32:27","","key [ACCOUNTPROFESSIONS] doesn't exist in struct (keys:fieldnames,method)"
"ERROR","web-0","07/19/2011","14:33:46","","key [ACCOUNTPROFESSIONS] doesn't exist in struct (keys:fieldnames,method)"
"ERROR","web-0","07/20/2011","13:21:22","","key [ACCOUNTPROFESSIONS] doesn't exist in struct (keys:fieldnames,method)"
"ERROR","web-0","07/20/2011","13:23:46","","key [ACCOUNTPROFESSIONS] doesn't exist in struct (keys:fieldnames,method)"
"ERROR","web-0","07/21/2011","11:26:51","","request (path: E:\www\prodriver-online.com\worker.cfc:1) is run into a timeout (10 seconds) and has been stopped. no open locks"
"ERROR","web-0","07/25/2011","13:01:04","","request (path: E:\www\prodriver-online.com\worker.cfc:1) is run into a timeout (10 seconds) and has been stopped. no open locks"
"ERROR","web-0","07/25/2011","16:15:12","","key [ACCOUNTEMAIL] doesn't exist in struct (keys:accountState,ACCOUNTSTATUS,accountBusinessID,accountAddress1,accountAddress2,ACCOUNTID,accountCompanyLogo,accountCity,fieldnames,accountCompanyName,accountZip,ACCOUNTCREATIONDATE,method,accountBio)"
"ERROR","web-0","07/25/2011","16:19:42","","key [ACCOUNTPROFESSIONS] doesn't exist in struct (keys:fieldnames,method)"
"ERROR","web-0","07/25/2011","16:22:15","","key [ACCOUNTPROFESSIONS] doesn't exist in struct (keys:fieldnames,method)"
"ERROR","web-0","08/01/2011","14:49:18","","key [ACCOUNTPROFESSIONS] doesn't exist in struct (keys:fieldnames,method)"
"ERROR","web-0","08/01/2011","14:52:12","","key [ACCOUNTPROFESSIONS] doesn't exist in struct (keys:fieldnames,method)"
"ERROR","web-0","08/01/2011","14:55:19","","key [ACCOUNTPROFESSIONS] doesn't exist in struct (keys:fieldnames,method)"
"ERROR","web-0","08/02/2011","14:07:19","","component [worker] has no remote function with name [orderConfirmation]; accessible functions are [SAVECALENDARCHANGES,SIGNUPCOMPANYSTEP2,SIGNUPCOMPANYSTEP1,SENDMESSAGE,SEARCHDRIVERACCOUNTS,EDITCOMPANYPROFILE,CHECKAUTHORIZATION,SIGNUPDRIVERSTEP2,SIGNUPDRIVERSTEP3,SAVEEDITPROFILE,LOADCALENDARDATA,DELETEALLDOCUMENTS,SIGNUPDRIVERSTEP1,SAVECOMMENT,CHECKEMAILDUPLICATE,APPROVEACCOUNT,REPLYMESSAGE,ACTIVATEACCOUNT]"
"ERROR","web-0","08/04/2011","11:22:04","","component [worker] has no remote function with name [requestDriverCredentials]; accessible functions are [SAVECALENDARCHANGES,SIGNUPCOMPANYSTEP2,SIGNUPCOMPANYSTEP1,SENDMESSAGE,SEARCHDRIVERACCOUNTS,EDITCOMPANYPROFILE,CHECKAUTHORIZATION,SIGNUPDRIVERSTEP2,SIGNUPDRIVERSTEP3,SAVEEDITPROFILE,LOADCALENDARDATA,DELETEALLDOCUMENTS,SIGNUPDRIVERSTEP1,SAVECOMMENT,CHECKEMAILDUPLICATE,APPROVEACCOUNT,REPLYMESSAGE,ACTIVATEACCOUNT]"
"ERROR","web-0","08/08/2011","16:42:55","","can not read in file E:\www\prodriver-online.com\temp\67.jpg"
"ERROR","web-0","08/08/2011","16:43:19","","can not read in file E:\www\prodriver-online.com\temp\67.jpg"
"ERROR","web-0","08/09/2011","10:21:12","","request (path: E:\www\prodriver-online.com\worker.cfc:3) is run into a timeout (10 seconds) and has been stopped. no open locks"
"ERROR","web-0","08/09/2011","10:33:37","","Can't cast String [august] to a value of type [datetime]; Java type of the object is java.lang.String"
"ERROR","web-0","08/10/2011","02:07:00","","Can't cast String [august] to a value of type [datetime]; Java type of the object is java.lang.String"
"ERROR","web-0","08/22/2011","14:24:10","","No record exists for update criteria (`accountID`=0)."
"ERROR","web-0","08/30/2011","14:52:31","","No value specified for parameter 1"
"ERROR","web-0","09/05/2011","18:51:31","","Unknown column 'accounts.accountType' in 'where clause'"
"ERROR","web-0","09/05/2011","18:52:25","","Unknown column 'accounts.accountType' in 'where clause'"
"ERROR","web-0","09/05/2011","18:52:31","","Unknown column 'accounts.accountType' in 'where clause'"
"ERROR","web-0","09/05/2011","18:52:32","","Unknown column 'accounts.accountType' in 'where clause'"
"ERROR","web-0","09/13/2011","11:37:43","","request (path: E:\www\prodriver-online.com\worker.cfc:1) is run into a timeout (10 seconds) and has been stopped. no open locks"
"ERROR","web-0","09/13/2011","11:41:13","","request (path: E:\www\prodriver-online.com\worker.cfc:1) is run into a timeout (10 seconds) and has been stopped. no open locks"
"ERROR","web-0","09/14/2011","10:12:49","","No value specified for parameter 1"
"ERROR","web-0","09/14/2011","10:13:37","","No value specified for parameter 1"
"ERROR","web-0","09/14/2011","10:17:30","","No value specified for parameter 1"
"ERROR","web-0","09/14/2011","10:22:51","","No value specified for parameter 1"
"ERROR","web-0","09/14/2011","10:51:49","","No value specified for parameter 1"
"ERROR","web-0","09/16/2011","20:07:31","","request (path: E:\www\prodriver-online.com\worker.cfc:1) is run into a timeout (10 seconds) and has been stopped. no open locks"
"ERROR","web-0","09/19/2011","14:01:21","","request (path: E:\www\prodriver-online.com\worker.cfc:4) is run into a timeout (10 seconds) and has been stopped. no open locks"
"ERROR","web-0","09/19/2011","14:05:36","","railo.runtime.exp.RequestTimeoutException cannot be cast to java.lang.ClassNotFoundException"
"ERROR","web-0","09/19/2011","14:30:11","","request (path: E:\www\prodriver-online.com\worker.cfc:4) is run into a timeout (10 seconds) and has been stopped. no open locks"
"ERROR","web-0","09/19/2011","15:13:02","","Could not initialize class javax.media.jai.JAI"
"ERROR","web-0","09/21/2011","11:33:15","","request (path: E:\www\prodriver-online.com\worker.cfc:4) is run into a timeout (10 seconds) and has been stopped. no open locks"
"ERROR","web-0","10/17/2011","16:26:46","","Unknown column 'undefined' in 'where clause'"
"ERROR","web-0","10/19/2011","19:47:08","","Unknown column 'undefined' in 'where clause'"
"ERROR","web-0","10/19/2011","22:37:15","","Unknown column 'undefined' in 'where clause'"
"ERROR","web-0","10/19/2011","22:38:08","","Unknown column 'undefined' in 'where clause'"
"ERROR","web-0","10/20/2011","00:03:14","","Unknown column 'sender.accountCompany' in 'field list'"
"ERROR","web-0","10/20/2011","00:03:22","","Unknown column 'sender.accountCompany' in 'field list'"
"ERROR","web-0","10/20/2011","00:03:25","","Unknown column 'sender.accountCompany' in 'field list'"
"ERROR","web-0","10/20/2011","13:57:59","","Unknown column 'undefined' in 'where clause'"
"ERROR","web-0","10/21/2011","19:12:22","","Unknown column 'undefined' in 'where clause'"
"ERROR","web-0","11/03/2011","11:07:16","","request (path: E:\www\prodriver-online.com\worker.cfc:3) is run into a timeout (10 seconds) and has been stopped."
"ERROR","web-0","11/03/2011","12:20:54","","request (path: E:\www\prodriver-online.com\worker.cfc:3) is run into a timeout (10 seconds) and has been stopped."
"ERROR","web-0","11/03/2011","12:41:33","","request (path: E:\www\prodriver-online.com\worker.cfc:3) is run into a timeout (10 seconds) and has been stopped."
"ERROR","web-0","11/03/2011","12:49:59","","request (path: E:\www\prodriver-online.com\worker.cfc:1) is run into a timeout (10 seconds) and has been stopped."
"ERROR","web-0","11/04/2011","00:36:20","","Page /account-suspended.cfm [E:\www\prodriver-online.com\account-suspended.cfm] not found"
