"Severity","ThreadID","Date","Time","Application","Message"
"ERROR","web-0","06/04/2011","11:38:30","controler","stop thread (1) because run into a timeout path: E:\www\prodriver-online.com\WEB-INF\railo\context\admin\web.cfm (E:\www\prodriver-online.com\WEB-INF\railo\context\admin\services.mail.cfm). no open locks"
"ERROR","web-0","06/04/2011","11:38:35","controler","stop thread (1) because run into a timeout path: E:\www\prodriver-online.com\WEB-INF\railo\context\admin\web.cfm (E:\www\prodriver-online.com\WEB-INF\railo\context\admin\services.mail.cfm). no open locks"
"ERROR","web-0","06/29/2011","16:18:48","controler","stop thread (1) because run into a timeout path: E:\www\prodriver-online.com\worker.cfc (E:\www\prodriver-online.com\WEB-INF\railo\context\Component.cfc). no open locks"
"ERROR","web-0","07/01/2011","12:21:07","controler","stop thread (1) because run into a timeout path: E:\www\prodriver-online.com\worker.cfc. no open locks"
"ERROR","web-0","07/08/2011","11:22:30","controler","stop thread (1) because run into a timeout path: E:\www\prodriver-online.com\worker.cfc (E:\www\prodriver-online.com\WEB-INF\railo\context\Component.cfc). no open locks"
"ERROR","web-0","07/08/2011","11:25:00","controler","stop thread (1) because run into a timeout path: E:\www\prodriver-online.com\worker.cfc (E:\www\prodriver-online.com\WEB-INF\railo\context\Component.cfc). no open locks"
"ERROR","web-0","07/18/2011","14:13:07","controler","stop thread (1) because run into a timeout path: E:\www\prodriver-online.com\worker.cfc (E:\www\prodriver-online.com\WEB-INF\railo\context\Component.cfc). no open locks"
"ERROR","web-0","07/19/2011","11:11:13","controler","stop thread (1) because run into a timeout path: E:\www\prodriver-online.com\worker.cfc (E:\www\prodriver-online.com\WEB-INF\railo\context\Component.cfc). no open locks"
"ERROR","web-0","07/19/2011","11:13:33","controler","stop thread (1) because run into a timeout path: E:\www\prodriver-online.com\worker.cfc (E:\www\prodriver-online.com\WEB-INF\railo\context\Component.cfc). no open locks"
"ERROR","web-0","07/19/2011","14:32:25","controler","stop thread (1) because run into a timeout path: E:\www\prodriver-online.com\worker.cfc (E:\www\prodriver-online.com\WEB-INF\railo\context\Component.cfc). no open locks"
"ERROR","web-0","07/19/2011","14:33:45","controler","stop thread (1) because run into a timeout path: E:\www\prodriver-online.com\worker.cfc (E:\www\prodriver-online.com\WEB-INF\railo\context\Component.cfc). no open locks"
"ERROR","web-0","07/20/2011","13:21:21","controler","stop thread (1) because run into a timeout path: E:\www\prodriver-online.com\worker.cfc (E:\www\prodriver-online.com\WEB-INF\railo\context\Component.cfc). no open locks"
"ERROR","web-0","07/21/2011","11:26:51","controler","stop thread (1) because run into a timeout path: E:\www\prodriver-online.com\worker.cfc. no open locks"
"ERROR","web-0","07/25/2011","13:01:02","controler","stop thread (1) because run into a timeout path: E:\www\prodriver-online.com\worker.cfc. no open locks"
"ERROR","web-0","07/25/2011","16:19:40","controler","stop thread (3) because run into a timeout path: E:\www\prodriver-online.com\worker.cfc (E:\www\prodriver-online.com\WEB-INF\railo\context\Component.cfc). no open locks"
"ERROR","web-0","08/01/2011","11:42:06","controler","stop thread (1) because run into a timeout path: E:\www\prodriver-online.com\worker.cfc (E:\www\prodriver-online.com\WEB-INF\railo\context\Component.cfc). no open locks"
"ERROR","web-0","08/01/2011","14:04:29","controler","stop thread (1) because run into a timeout path: E:\www\prodriver-online.com\worker.cfc (E:\www\prodriver-online.com\WEB-INF\railo\context\Component.cfc). no open locks"
"ERROR","web-0","08/01/2011","14:04:34","controler","stop thread (1) because run into a timeout path: E:\www\prodriver-online.com\worker.cfc (E:\www\prodriver-online.com\WEB-INF\railo\context\Component.cfc). no open locks"
"ERROR","web-0","08/01/2011","14:04:39","controler","stop thread (1) because run into a timeout path: E:\www\prodriver-online.com\worker.cfc (E:\www\prodriver-online.com\WEB-INF\railo\context\Component.cfc). no open locks"
"ERROR","web-0","08/01/2011","14:04:44","controler","stop thread (1) because run into a timeout path: E:\www\prodriver-online.com\worker.cfc (E:\www\prodriver-online.com\WEB-INF\railo\context\Component.cfc). no open locks"
"ERROR","web-0","08/01/2011","14:04:49","controler","stop thread (1) because run into a timeout path: E:\www\prodriver-online.com\worker.cfc (E:\www\prodriver-online.com\WEB-INF\railo\context\Component.cfc). no open locks"
"ERROR","web-0","08/01/2011","14:04:54","controler","stop thread (1) because run into a timeout path: E:\www\prodriver-online.com\worker.cfc (E:\www\prodriver-online.com\WEB-INF\railo\context\Component.cfc). no open locks"
"ERROR","web-0","08/01/2011","14:04:59","controler","stop thread (1) because run into a timeout path: E:\www\prodriver-online.com\worker.cfc (E:\www\prodriver-online.com\WEB-INF\railo\context\Component.cfc). no open locks"
"ERROR","web-0","08/01/2011","14:05:04","controler","stop thread (1) because run into a timeout path: E:\www\prodriver-online.com\worker.cfc (E:\www\prodriver-online.com\WEB-INF\railo\context\Component.cfc). no open locks"
"ERROR","web-0","08/01/2011","14:05:09","controler","stop thread (1) because run into a timeout path: E:\www\prodriver-online.com\worker.cfc (E:\www\prodriver-online.com\WEB-INF\railo\context\Component.cfc). no open locks"
"ERROR","web-0","08/01/2011","14:05:14","controler","stop thread (1) because run into a timeout path: E:\www\prodriver-online.com\worker.cfc (E:\www\prodriver-online.com\WEB-INF\railo\context\Component.cfc). no open locks"
"ERROR","web-0","08/01/2011","14:05:19","controler","stop thread (1) because run into a timeout path: E:\www\prodriver-online.com\worker.cfc (E:\www\prodriver-online.com\WEB-INF\railo\context\Component.cfc). no open locks"
"ERROR","web-0","08/01/2011","14:05:24","controler","stop thread (1) because run into a timeout path: E:\www\prodriver-online.com\worker.cfc (E:\www\prodriver-online.com\WEB-INF\railo\context\Component.cfc). no open locks"
"ERROR","web-0","08/01/2011","14:05:29","controler","stop thread (1) because run into a timeout path: E:\www\prodriver-online.com\worker.cfc (E:\www\prodriver-online.com\WEB-INF\railo\context\Component.cfc). no open locks"
"ERROR","web-0","08/01/2011","14:05:34","controler","stop thread (1) because run into a timeout path: E:\www\prodriver-online.com\worker.cfc (E:\www\prodriver-online.com\WEB-INF\railo\context\Component.cfc). no open locks"
"ERROR","web-0","08/01/2011","14:05:39","controler","stop thread (1) because run into a timeout path: E:\www\prodriver-online.com\worker.cfc (E:\www\prodriver-online.com\WEB-INF\railo\context\Component.cfc). no open locks"
"ERROR","web-0","08/01/2011","14:05:44","controler","stop thread (1) because run into a timeout path: E:\www\prodriver-online.com\worker.cfc (E:\www\prodriver-online.com\WEB-INF\railo\context\Component.cfc). no open locks"
"ERROR","web-0","08/01/2011","14:05:49","controler","stop thread (1) because run into a timeout path: E:\www\prodriver-online.com\worker.cfc (E:\www\prodriver-online.com\WEB-INF\railo\context\Component.cfc). no open locks"
"ERROR","web-0","08/01/2011","14:05:54","controler","stop thread (1) because run into a timeout path: E:\www\prodriver-online.com\worker.cfc (E:\www\prodriver-online.com\WEB-INF\railo\context\Component.cfc). no open locks"
"ERROR","web-0","08/01/2011","14:05:59","controler","stop thread (1) because run into a timeout path: E:\www\prodriver-online.com\worker.cfc (E:\www\prodriver-online.com\WEB-INF\railo\context\Component.cfc). no open locks"
"ERROR","web-0","08/01/2011","14:06:04","controler","stop thread (1) because run into a timeout path: E:\www\prodriver-online.com\worker.cfc (E:\www\prodriver-online.com\WEB-INF\railo\context\Component.cfc). no open locks"
"ERROR","web-0","08/01/2011","14:49:17","controler","stop thread (1) because run into a timeout path: E:\www\prodriver-online.com\worker.cfc (E:\www\prodriver-online.com\WEB-INF\railo\context\Component.cfc). no open locks"
"ERROR","web-0","08/01/2011","14:52:12","controler","stop thread (1) because run into a timeout path: E:\www\prodriver-online.com\worker.cfc (E:\www\prodriver-online.com\WEB-INF\railo\context\Component.cfc). no open locks"
"ERROR","web-0","08/04/2011","11:41:12","controler","stop thread (2) because run into a timeout path: E:\www\prodriver-online.com\WEB-INF\railo\context\admin\web.cfm (E:\www\prodriver-online.com\WEB-INF\railo\context\admin\services.mail.cfm). no open locks"
"ERROR","web-0","08/04/2011","11:41:17","controler","stop thread (2) because run into a timeout path: E:\www\prodriver-online.com\WEB-INF\railo\context\admin\web.cfm (E:\www\prodriver-online.com\WEB-INF\railo\context\admin\services.mail.cfm). no open locks"
"ERROR","web-0","08/04/2011","11:41:22","controler","stop thread (2) because run into a timeout path: E:\www\prodriver-online.com\WEB-INF\railo\context\admin\web.cfm (E:\www\prodriver-online.com\WEB-INF\railo\context\admin\services.mail.cfm). no open locks"
"ERROR","web-0","08/04/2011","11:42:52","controler","stop thread (2) because run into a timeout path: E:\www\prodriver-online.com\WEB-INF\railo\context\admin\web.cfm (E:\www\prodriver-online.com\WEB-INF\railo\context\admin\services.mail.cfm). no open locks"
"ERROR","web-0","08/04/2011","11:42:57","controler","stop thread (2) because run into a timeout path: E:\www\prodriver-online.com\WEB-INF\railo\context\admin\web.cfm (E:\www\prodriver-online.com\WEB-INF\railo\context\admin\services.mail.cfm). no open locks"
"ERROR","web-0","08/09/2011","09:47:02","controler","stop thread (3) because run into a timeout path: E:\www\prodriver-online.com\worker.cfc (E:\www\prodriver-online.com\WEB-INF\railo\context\Component.cfc). no open locks"
"ERROR","web-0","08/09/2011","10:02:32","controler","stop thread (3) because run into a timeout path: E:\www\prodriver-online.com\worker.cfc (E:\www\prodriver-online.com\WEB-INF\railo\context\Component.cfc). no open locks"
"ERROR","web-0","08/09/2011","10:10:02","controler","stop thread (3) because run into a timeout path: E:\www\prodriver-online.com\worker.cfc (E:\www\prodriver-online.com\WEB-INF\railo\context\Component.cfc). no open locks"
"ERROR","web-0","08/09/2011","10:21:08","controler","stop thread (3) because run into a timeout path: E:\www\prodriver-online.com\worker.cfc. no open locks"
"ERROR","web-0","08/09/2011","10:24:38","controler","stop thread (3) because run into a timeout path: E:\www\prodriver-online.com\worker.cfc (E:\www\prodriver-online.com\WEB-INF\railo\context\Component.cfc). no open locks"
"ERROR","web-0","08/13/2011","17:14:10","controler","stop thread (1) because run into a timeout path: E:\www\prodriver-online.com\worker.cfc (E:\www\prodriver-online.com\WEB-INF\railo\context\Component.cfc). no open locks"
"ERROR","web-0","08/16/2011","10:26:00","controler","stop thread (1) because run into a timeout path: E:\www\prodriver-online.com\worker.cfc (E:\www\prodriver-online.com\WEB-INF\railo\context\Component.cfc). no open locks"
"ERROR","web-0","08/16/2011","10:28:00","controler","stop thread (1) because run into a timeout path: E:\www\prodriver-online.com\worker.cfc (E:\www\prodriver-online.com\WEB-INF\railo\context\Component.cfc). no open locks"
"ERROR","web-0","08/16/2011","10:54:36","controler","stop thread (1) because run into a timeout path: E:\www\prodriver-online.com\worker.cfc (E:\www\prodriver-online.com\WEB-INF\railo\context\Component.cfc). no open locks"
"ERROR","web-0","08/22/2011","12:54:50","controler","stop thread (2) because run into a timeout path: E:\www\prodriver-online.com\worker.cfc (E:\www\prodriver-online.com\WEB-INF\railo\context\Component.cfc). no open locks"
"ERROR","web-0","08/22/2011","15:19:47","controler","stop thread (2) because run into a timeout path: E:\www\prodriver-online.com\worker.cfc (E:\www\prodriver-online.com\WEB-INF\railo\context\Component.cfc). no open locks"
"ERROR","web-0","08/22/2011","15:19:52","controler","stop thread (2) because run into a timeout path: E:\www\prodriver-online.com\worker.cfc (E:\www\prodriver-online.com\WEB-INF\railo\context\Component.cfc). no open locks"
"ERROR","web-0","08/22/2011","15:19:57","controler","stop thread (2) because run into a timeout path: E:\www\prodriver-online.com\worker.cfc (E:\www\prodriver-online.com\WEB-INF\railo\context\Component.cfc). no open locks"
"ERROR","web-0","08/22/2011","15:20:02","controler","stop thread (2) because run into a timeout path: E:\www\prodriver-online.com\worker.cfc (E:\www\prodriver-online.com\WEB-INF\railo\context\Component.cfc). no open locks"
"ERROR","web-0","08/22/2011","15:20:07","controler","stop thread (2) because run into a timeout path: E:\www\prodriver-online.com\worker.cfc (E:\www\prodriver-online.com\WEB-INF\railo\context\Component.cfc). no open locks"
"ERROR","web-0","08/22/2011","15:20:12","controler","stop thread (2) because run into a timeout path: E:\www\prodriver-online.com\worker.cfc (E:\www\prodriver-online.com\WEB-INF\railo\context\Component.cfc). no open locks"
"ERROR","web-0","08/22/2011","15:20:17","controler","stop thread (2) because run into a timeout path: E:\www\prodriver-online.com\worker.cfc (E:\www\prodriver-online.com\WEB-INF\railo\context\Component.cfc). no open locks"
"ERROR","web-0","08/22/2011","15:20:22","controler","stop thread (2) because run into a timeout path: E:\www\prodriver-online.com\worker.cfc (E:\www\prodriver-online.com\WEB-INF\railo\context\Component.cfc). no open locks"
"ERROR","web-0","08/22/2011","15:20:27","controler","stop thread (2) because run into a timeout path: E:\www\prodriver-online.com\worker.cfc (E:\www\prodriver-online.com\WEB-INF\railo\context\Component.cfc). no open locks"
"ERROR","web-0","08/22/2011","15:20:32","controler","stop thread (2) because run into a timeout path: E:\www\prodriver-online.com\worker.cfc (E:\www\prodriver-online.com\WEB-INF\railo\context\Component.cfc). no open locks"
"ERROR","web-0","08/22/2011","15:20:37","controler","stop thread (2) because run into a timeout path: E:\www\prodriver-online.com\worker.cfc (E:\www\prodriver-online.com\WEB-INF\railo\context\Component.cfc). no open locks"
"ERROR","web-0","08/22/2011","15:20:42","controler","stop thread (2) because run into a timeout path: E:\www\prodriver-online.com\worker.cfc (E:\www\prodriver-online.com\WEB-INF\railo\context\Component.cfc). no open locks"
"ERROR","web-0","08/22/2011","15:20:47","controler","stop thread (2) because run into a timeout path: E:\www\prodriver-online.com\worker.cfc (E:\www\prodriver-online.com\WEB-INF\railo\context\Component.cfc). no open locks"
"ERROR","web-0","08/22/2011","15:20:52","controler","stop thread (2) because run into a timeout path: E:\www\prodriver-online.com\worker.cfc (E:\www\prodriver-online.com\WEB-INF\railo\context\Component.cfc). no open locks"
"ERROR","web-0","08/22/2011","15:20:57","controler","stop thread (2) because run into a timeout path: E:\www\prodriver-online.com\worker.cfc (E:\www\prodriver-online.com\WEB-INF\railo\context\Component.cfc). no open locks"
"ERROR","web-0","08/22/2011","15:21:02","controler","stop thread (2) because run into a timeout path: E:\www\prodriver-online.com\worker.cfc (E:\www\prodriver-online.com\WEB-INF\railo\context\Component.cfc). no open locks"
"ERROR","web-0","08/22/2011","15:21:07","controler","stop thread (2) because run into a timeout path: E:\www\prodriver-online.com\worker.cfc (E:\www\prodriver-online.com\WEB-INF\railo\context\Component.cfc). no open locks"
"ERROR","web-0","08/22/2011","15:21:12","controler","stop thread (2) because run into a timeout path: E:\www\prodriver-online.com\worker.cfc (E:\www\prodriver-online.com\WEB-INF\railo\context\Component.cfc). no open locks"
"ERROR","web-0","08/22/2011","15:21:17","controler","stop thread (2) because run into a timeout path: E:\www\prodriver-online.com\worker.cfc (E:\www\prodriver-online.com\WEB-INF\railo\context\Component.cfc). no open locks"
"ERROR","web-0","08/22/2011","15:21:22","controler","stop thread (2) because run into a timeout path: E:\www\prodriver-online.com\worker.cfc (E:\www\prodriver-online.com\WEB-INF\railo\context\Component.cfc). no open locks"
"ERROR","web-0","08/22/2011","15:21:27","controler","stop thread (2) because run into a timeout path: E:\www\prodriver-online.com\worker.cfc (E:\www\prodriver-online.com\WEB-INF\railo\context\Component.cfc). no open locks"
"ERROR","web-0","08/22/2011","15:21:32","controler","stop thread (2) because run into a timeout path: E:\www\prodriver-online.com\worker.cfc (E:\www\prodriver-online.com\WEB-INF\railo\context\Component.cfc). no open locks"
"ERROR","web-0","08/22/2011","15:21:37","controler","stop thread (2) because run into a timeout path: E:\www\prodriver-online.com\worker.cfc (E:\www\prodriver-online.com\WEB-INF\railo\context\Component.cfc). no open locks"
"ERROR","web-0","08/22/2011","15:21:42","controler","stop thread (2) because run into a timeout path: E:\www\prodriver-online.com\worker.cfc (E:\www\prodriver-online.com\WEB-INF\railo\context\Component.cfc). no open locks"
"ERROR","web-0","08/23/2011","15:39:53","controler","stop thread (2) because run into a timeout path: E:\www\prodriver-online.com\worker.cfc (E:\www\prodriver-online.com\WEB-INF\railo\context\Component.cfc). no open locks"
"ERROR","web-0","08/23/2011","15:50:18","controler","stop thread (2) because run into a timeout path: E:\www\prodriver-online.com\worker.cfc (E:\www\prodriver-online.com\WEB-INF\railo\context\Component.cfc). no open locks"
"ERROR","web-0","09/13/2011","12:14:16","controler","stop thread (1) because run into a timeout path: E:\www\prodriver-online.com\worker.cfc (E:\www\prodriver-online.com\WEB-INF\railo\context\Component.cfc). no open locks"
"ERROR","web-0","09/13/2011","12:32:16","controler","stop thread (1) because run into a timeout path: E:\www\prodriver-online.com\worker.cfc (E:\www\prodriver-online.com\WEB-INF\railo\context\Component.cfc). no open locks"
"ERROR","web-0","09/13/2011","12:34:31","controler","stop thread (1) because run into a timeout path: E:\www\prodriver-online.com\worker.cfc. no open locks"
"ERROR","web-0","09/13/2011","12:38:01","controler","stop thread (1) because run into a timeout path: E:\www\prodriver-online.com\worker.cfc. no open locks"
"ERROR","web-0","09/14/2011","10:24:53","controler","stop thread (1) because run into a timeout path: E:\www\prodriver-online.com\worker.cfc. no open locks"
"ERROR","web-0","09/14/2011","10:30:33","controler","stop thread (1) because run into a timeout path: E:\www\prodriver-online.com\worker.cfc (E:\www\prodriver-online.com\WEB-INF\railo\context\Component.cfc). no open locks"
"ERROR","web-0","09/15/2011","12:20:23","controler","stop thread (1) because run into a timeout path: E:\www\prodriver-online.com\worker.cfc (E:\www\prodriver-online.com\WEB-INF\railo\context\Component.cfc). no open locks"
"ERROR","web-0","09/15/2011","13:49:34","controler","stop thread (1) because run into a timeout path: E:\www\prodriver-online.com\worker.cfc (E:\www\prodriver-online.com\WEB-INF\railo\context\Component.cfc). no open locks"
"ERROR","web-0","09/15/2011","13:58:49","controler","stop thread (1) because run into a timeout path: E:\www\prodriver-online.com\worker.cfc (E:\www\prodriver-online.com\WEB-INF\railo\context\Component.cfc). no open locks"
"ERROR","web-0","09/15/2011","15:46:12","controler","stop thread (1) because run into a timeout path: E:\www\prodriver-online.com\worker.cfc (E:\www\prodriver-online.com\WEB-INF\railo\context\Component.cfc). no open locks"
"ERROR","web-0","09/15/2011","16:03:42","controler","stop thread (1) because run into a timeout path: E:\www\prodriver-online.com\worker.cfc (E:\www\prodriver-online.com\WEB-INF\railo\context\Component.cfc). no open locks"
"ERROR","web-0","09/16/2011","11:43:10","controler","stop thread (1) because run into a timeout path: E:\www\prodriver-online.com\worker.cfc (E:\www\prodriver-online.com\WEB-INF\railo\context\Component.cfc). no open locks"
"ERROR","web-0","09/16/2011","11:51:45","controler","stop thread (1) because run into a timeout path: E:\www\prodriver-online.com\worker.cfc (E:\www\prodriver-online.com\WEB-INF\railo\context\Component.cfc). no open locks"
"ERROR","web-0","09/16/2011","12:12:10","controler","stop thread (1) because run into a timeout path: E:\www\prodriver-online.com\worker.cfc (E:\www\prodriver-online.com\WEB-INF\railo\context\Component.cfc). no open locks"
"ERROR","web-0","09/16/2011","13:20:39","controler","stop thread (1) because run into a timeout path: E:\www\prodriver-online.com\worker.cfc (E:\www\prodriver-online.com\WEB-INF\railo\context\Component.cfc). no open locks"
"ERROR","web-0","09/16/2011","15:51:50","controler","stop thread (1) because run into a timeout path: E:\www\prodriver-online.com\worker.cfc (E:\www\prodriver-online.com\WEB-INF\railo\context\Component.cfc). no open locks"
"ERROR","web-0","09/16/2011","16:01:05","controler","stop thread (1) because run into a timeout path: E:\www\prodriver-online.com\worker.cfc (E:\www\prodriver-online.com\WEB-INF\railo\context\Component.cfc). no open locks"
"ERROR","web-0","09/16/2011","16:30:53","controler","stop thread (1) because run into a timeout path: E:\www\prodriver-online.com\worker.cfc (E:\www\prodriver-online.com\WEB-INF\railo\context\Component.cfc). no open locks"
"ERROR","web-0","09/16/2011","16:39:58","controler","stop thread (1) because run into a timeout path: E:\www\prodriver-online.com\worker.cfc (E:\www\prodriver-online.com\WEB-INF\railo\context\Component.cfc). no open locks"
"ERROR","web-0","09/16/2011","16:43:43","controler","stop thread (1) because run into a timeout path: E:\www\prodriver-online.com\worker.cfc (E:\www\prodriver-online.com\WEB-INF\railo\context\Component.cfc). no open locks"
"ERROR","web-0","09/16/2011","17:24:33","controler","stop thread (1) because run into a timeout path: E:\www\prodriver-online.com\worker.cfc (E:\www\prodriver-online.com\WEB-INF\railo\context\Component.cfc). no open locks"
"ERROR","web-0","09/16/2011","17:28:33","controler","stop thread (1) because run into a timeout path: E:\www\prodriver-online.com\worker.cfc (E:\www\prodriver-online.com\WEB-INF\railo\context\Component.cfc). no open locks"
"ERROR","web-0","09/16/2011","17:34:35","controler","stop thread (1) because run into a timeout path: E:\www\prodriver-online.com\worker.cfc (E:\www\prodriver-online.com\WEB-INF\railo\context\Component.cfc). no open locks"
"ERROR","web-0","09/16/2011","18:59:51","controler","stop thread (1) because run into a timeout path: E:\www\prodriver-online.com\worker.cfc (E:\www\prodriver-online.com\WEB-INF\railo\context\Component.cfc). no open locks"
"ERROR","web-0","09/16/2011","21:04:53","controler","stop thread (1) because run into a timeout path: E:\www\prodriver-online.com\worker.cfc. no open locks"
"ERROR","web-0","09/16/2011","21:22:53","controler","stop thread (1) because run into a timeout path: E:\www\prodriver-online.com\worker.cfc (E:\www\prodriver-online.com\WEB-INF\railo\context\Component.cfc). no open locks"
"ERROR","web-0","09/16/2011","21:26:48","controler","stop thread (1) because run into a timeout path: E:\www\prodriver-online.com\worker.cfc (E:\www\prodriver-online.com\WEB-INF\railo\context\Component.cfc). no open locks"
"ERROR","web-0","09/19/2011","14:58:23","controler","stop thread (4) because run into a timeout path: E:\www\prodriver-online.com\worker.cfc. no open locks"
"ERROR","web-0","09/19/2011","15:02:38","controler","stop thread (4) because run into a timeout path: E:\www\prodriver-online.com\worker.cfc. no open locks"
"ERROR","web-0","09/19/2011","15:27:13","controler","stop thread (4) because run into a timeout path: E:\www\prodriver-online.com\worker.cfc. no open locks"
"ERROR","web-0","09/21/2011","12:30:09","controler","stop thread (4) because run into a timeout path: E:\www\prodriver-online.com\worker.cfc. no open locks"
"ERROR","web-0","11/03/2011","11:06:56","controler","stop thread (3) because run into a timeout path: E:\www\prodriver-online.com\worker.cfc."
"ERROR","web-0","11/03/2011","12:20:32","controler","stop thread (3) because run into a timeout path: E:\www\prodriver-online.com\worker.cfc."
"ERROR","web-0","11/03/2011","12:41:09","controler","stop thread (3) because run into a timeout path: E:\www\prodriver-online.com\worker.cfc."
"ERROR","web-0","11/03/2011","12:49:34","controler","stop thread (1) because run into a timeout path: E:\www\prodriver-online.com\worker.cfc."
